<?xml version="1.0" encoding="UTF-8"?>
<TestRun id="a18897ca-00a5-4dd1-829f-aa47e05cbb38" name="user@USER-PC 2012-04-15 18:04:29" runUser="user-PC\user" xmlns="http://microsoft.com/schemas/VisualStudio/TeamTest/2010">
  <TestSettings name="Local" id="cd4b7cfe-9bea-4788-86cd-336ecd64555a">
    <Description>These are default test settings for a local test run.</Description>
    <Deployment enabled="false" runDeploymentRoot="user_USER-PC 2012-04-15 18_04_29">
      <DeploymentItem filename="D:\PrgSource\BookShop\packages\Moq.4.0.10827\lib\NET40\Moq.dll" />
      <DeploymentItem filename="D:\PrgSource\BookShop\BookShopModel\bin\Debug\BookShopModel.dll" />
      <DeploymentItem filename="D:\PrgSource\BookShop\BookShopWeb\bin\BookShopWeb.dll" />
      <DeploymentItem filename="D:\PrgSource\BookShop\packages\EntityFramework.4.1.10331.0\lib\EntityFramework.dll" />
    </Deployment>
    <Execution>
      <TestTypeSpecific />
      <AgentRule name="Execution Agents">
      </AgentRule>
    </Execution>
  </TestSettings>
  <Times creation="2012-04-15T18:04:29.8701171+03:00" queuing="2012-04-15T18:04:29.9101562+03:00" start="2012-04-15T18:04:29.9218750+03:00" finish="2012-04-15T18:04:30.6396484+03:00" />
  <ResultSummary outcome="Completed">
    <Counters total="11" executed="11" passed="11" error="0" failed="0" timeout="0" aborted="0" inconclusive="0" passedButRunAborted="0" notRunnable="0" notExecuted="0" disconnected="0" warning="0" completed="0" inProgress="0" pending="0" />
  </ResultSummary>
  <TestDefinitions>
    <UnitTest name="CantAuthenticateWrongUser" storage="d:\prgsource\bookshop\bookshoptests\bin\debug\bookshoptests.dll" id="4ab8d7d9-bc75-8bfa-2444-6e5314dea175">
      <Execution id="ed968460-4b4e-4335-b9ff-7d553560355d" />
      <TestMethod codeBase="D:/PrgSource/BookShop/BookShopTests/bin/Debug/BookShopTests.DLL" adapterTypeName="Microsoft.VisualStudio.TestTools.TestTypes.Unit.UnitTestAdapter, Microsoft.VisualStudio.QualityTools.Tips.UnitTest.Adapter, Version=10.0.0.0, Culture=neutral, PublicKeyToken=b03f5f7f11d50a3a" className="BookShopTest.ModelTests, BookShopTests, Version=1.0.0.0, Culture=neutral, PublicKeyToken=null" name="CantAuthenticateWrongUser" />
    </UnitTest>
    <UnitTest name="Buy_Book_Post" storage="d:\prgsource\bookshop\bookshoptests\bin\debug\bookshoptests.dll" id="11cd435b-30b0-6a42-d3de-aa81f3dae489">
      <Execution id="4e053bdc-604e-43d2-befa-3990ab36e3c4" />
      <TestMethod codeBase="D:/PrgSource/BookShop/BookShopTests/bin/Debug/BookShopTests.DLL" adapterTypeName="Microsoft.VisualStudio.TestTools.TestTypes.Unit.UnitTestAdapter, Microsoft.VisualStudio.QualityTools.Tips.UnitTest.Adapter, Version=10.0.0.0, Culture=neutral, PublicKeyToken=b03f5f7f11d50a3a" className="BookShopTest.ControllerTests, BookShopTests, Version=1.0.0.0, Culture=neutral, PublicKeyToken=null" name="Buy_Book_Post" />
    </UnitTest>
    <UnitTest name="CanAuthenticateUserAfterCreation" storage="d:\prgsource\bookshop\bookshoptests\bin\debug\bookshoptests.dll" id="c6212e60-baca-f748-d759-d8bc26fd522a">
      <Execution id="ecec5619-893b-4f15-8528-a0aea42cd444" />
      <TestMethod codeBase="D:/PrgSource/BookShop/BookShopTests/bin/Debug/BookShopTests.DLL" adapterTypeName="Microsoft.VisualStudio.TestTools.TestTypes.Unit.UnitTestAdapter, Microsoft.VisualStudio.QualityTools.Tips.UnitTest.Adapter, Version=10.0.0.0, Culture=neutral, PublicKeyToken=b03f5f7f11d50a3a" className="BookShopTest.ModelTests, BookShopTests, Version=1.0.0.0, Culture=neutral, PublicKeyToken=null" name="CanAuthenticateUserAfterCreation" />
    </UnitTest>
    <UnitTest name="CanCreateUser" storage="d:\prgsource\bookshop\bookshoptests\bin\debug\bookshoptests.dll" id="a2d95e8f-1df3-aed0-7f85-2edca7bf90f2">
      <Execution id="e7f4f38e-1fcc-4b04-9075-1886765c292f" />
      <TestMethod codeBase="D:/PrgSource/BookShop/BookShopTests/bin/Debug/BookShopTests.DLL" adapterTypeName="Microsoft.VisualStudio.TestTools.TestTypes.Unit.UnitTestAdapter, Microsoft.VisualStudio.QualityTools.Tips.UnitTest.Adapter, Version=10.0.0.0, Culture=neutral, PublicKeyToken=b03f5f7f11d50a3a" className="BookShopTest.ModelTests, BookShopTests, Version=1.0.0.0, Culture=neutral, PublicKeyToken=null" name="CanCreateUser" />
    </UnitTest>
    <UnitTest name="CantCreateUserWithDuplicateEmail" storage="d:\prgsource\bookshop\bookshoptests\bin\debug\bookshoptests.dll" id="c9f717ed-c618-2aa9-7017-c76a8e5062f0">
      <Execution id="a3356762-504f-42fa-8e6f-d6ccea64b57a" />
      <TestMethod codeBase="D:/PrgSource/BookShop/BookShopTests/bin/Debug/BookShopTests.DLL" adapterTypeName="Microsoft.VisualStudio.TestTools.TestTypes.Unit.UnitTestAdapter, Microsoft.VisualStudio.QualityTools.Tips.UnitTest.Adapter, Version=10.0.0.0, Culture=neutral, PublicKeyToken=b03f5f7f11d50a3a" className="BookShopTest.ModelTests, BookShopTests, Version=1.0.0.0, Culture=neutral, PublicKeyToken=null" name="CantCreateUserWithDuplicateEmail" />
    </UnitTest>
    <UnitTest name="Buy_Book_Get_Ajax" storage="d:\prgsource\bookshop\bookshoptests\bin\debug\bookshoptests.dll" id="e8064bab-6953-e2e4-47d3-52cddbfb38a9">
      <Execution id="2ec23435-de40-43f2-b202-a7cdc3f8e4e0" />
      <TestMethod codeBase="D:/PrgSource/BookShop/BookShopTests/bin/Debug/BookShopTests.DLL" adapterTypeName="Microsoft.VisualStudio.TestTools.TestTypes.Unit.UnitTestAdapter, Microsoft.VisualStudio.QualityTools.Tips.UnitTest.Adapter, Version=10.0.0.0, Culture=neutral, PublicKeyToken=b03f5f7f11d50a3a" className="BookShopTest.ControllerTests, BookShopTests, Version=1.0.0.0, Culture=neutral, PublicKeyToken=null" name="Buy_Book_Get_Ajax" />
    </UnitTest>
    <UnitTest name="CantCreateDuplicateUser" storage="d:\prgsource\bookshop\bookshoptests\bin\debug\bookshoptests.dll" id="beb558c1-5293-58e2-7022-991f39de1527">
      <Execution id="18fb101d-0d24-4842-b79e-0dfd3f62635f" />
      <TestMethod codeBase="D:/PrgSource/BookShop/BookShopTests/bin/Debug/BookShopTests.DLL" adapterTypeName="Microsoft.VisualStudio.TestTools.TestTypes.Unit.UnitTestAdapter, Microsoft.VisualStudio.QualityTools.Tips.UnitTest.Adapter, Version=10.0.0.0, Culture=neutral, PublicKeyToken=b03f5f7f11d50a3a" className="BookShopTest.ModelTests, BookShopTests, Version=1.0.0.0, Culture=neutral, PublicKeyToken=null" name="CantCreateDuplicateUser" />
    </UnitTest>
    <UnitTest name="CantGetNotExistUserByName" storage="d:\prgsource\bookshop\bookshoptests\bin\debug\bookshoptests.dll" id="f7efcc7c-050b-e72e-cf9d-641c8a858b8d">
      <Execution id="9df19854-14de-4b7a-ad67-204a6c8601b7" />
      <TestMethod codeBase="D:/PrgSource/BookShop/BookShopTests/bin/Debug/BookShopTests.DLL" adapterTypeName="Microsoft.VisualStudio.TestTools.TestTypes.Unit.UnitTestAdapter, Microsoft.VisualStudio.QualityTools.Tips.UnitTest.Adapter, Version=10.0.0.0, Culture=neutral, PublicKeyToken=b03f5f7f11d50a3a" className="BookShopTest.ModelTests, BookShopTests, Version=1.0.0.0, Culture=neutral, PublicKeyToken=null" name="CantGetNotExistUserByName" />
    </UnitTest>
    <UnitTest name="Buy_Book_Get" storage="d:\prgsource\bookshop\bookshoptests\bin\debug\bookshoptests.dll" id="77fdac1b-c763-8f90-6c3b-43cb56011b55">
      <Execution id="7a201a35-096a-46b5-a4df-e1618b0e60a7" />
      <TestMethod codeBase="D:/PrgSource/BookShop/BookShopTests/bin/Debug/BookShopTests.DLL" adapterTypeName="Microsoft.VisualStudio.TestTools.TestTypes.Unit.UnitTestAdapter, Microsoft.VisualStudio.QualityTools.Tips.UnitTest.Adapter, Version=10.0.0.0, Culture=neutral, PublicKeyToken=b03f5f7f11d50a3a" className="BookShopTest.ControllerTests, BookShopTests, Version=1.0.0.0, Culture=neutral, PublicKeyToken=null" name="Buy_Book_Get" />
    </UnitTest>
    <UnitTest name="Get_List_All_Books" storage="d:\prgsource\bookshop\bookshoptests\bin\debug\bookshoptests.dll" id="903e324b-8dcb-8f16-1024-8b204641844b">
      <Execution id="65dec0fd-62ed-4919-a894-c395ba483f82" />
      <TestMethod codeBase="D:/PrgSource/BookShop/BookShopTests/bin/Debug/BookShopTests.DLL" adapterTypeName="Microsoft.VisualStudio.TestTools.TestTypes.Unit.UnitTestAdapter, Microsoft.VisualStudio.QualityTools.Tips.UnitTest.Adapter, Version=10.0.0.0, Culture=neutral, PublicKeyToken=b03f5f7f11d50a3a" className="BookShopTest.ControllerTests, BookShopTests, Version=1.0.0.0, Culture=neutral, PublicKeyToken=null" name="Get_List_All_Books" />
    </UnitTest>
    <UnitTest name="CanGetUserByName" storage="d:\prgsource\bookshop\bookshoptests\bin\debug\bookshoptests.dll" id="fdec48cd-c8b8-02be-7dbb-dbf931cee64b">
      <Execution id="eb666aef-8a97-4f33-a601-86133d592817" />
      <TestMethod codeBase="D:/PrgSource/BookShop/BookShopTests/bin/Debug/BookShopTests.DLL" adapterTypeName="Microsoft.VisualStudio.TestTools.TestTypes.Unit.UnitTestAdapter, Microsoft.VisualStudio.QualityTools.Tips.UnitTest.Adapter, Version=10.0.0.0, Culture=neutral, PublicKeyToken=b03f5f7f11d50a3a" className="BookShopTest.ModelTests, BookShopTests, Version=1.0.0.0, Culture=neutral, PublicKeyToken=null" name="CanGetUserByName" />
    </UnitTest>
  </TestDefinitions>
  <TestLists>
    <TestList name="Results Not in a List" id="8c84fa94-04c1-424b-9868-57a2d4851a1d" />
    <TestList name="All Loaded Results" id="19431567-8539-422a-85d7-44ee4e166bda" />
  </TestLists>
  <TestEntries>
    <TestEntry testId="11cd435b-30b0-6a42-d3de-aa81f3dae489" executionId="4e053bdc-604e-43d2-befa-3990ab36e3c4" testListId="8c84fa94-04c1-424b-9868-57a2d4851a1d" />
    <TestEntry testId="4ab8d7d9-bc75-8bfa-2444-6e5314dea175" executionId="ed968460-4b4e-4335-b9ff-7d553560355d" testListId="8c84fa94-04c1-424b-9868-57a2d4851a1d" />
    <TestEntry testId="77fdac1b-c763-8f90-6c3b-43cb56011b55" executionId="7a201a35-096a-46b5-a4df-e1618b0e60a7" testListId="8c84fa94-04c1-424b-9868-57a2d4851a1d" />
    <TestEntry testId="903e324b-8dcb-8f16-1024-8b204641844b" executionId="65dec0fd-62ed-4919-a894-c395ba483f82" testListId="8c84fa94-04c1-424b-9868-57a2d4851a1d" />
    <TestEntry testId="a2d95e8f-1df3-aed0-7f85-2edca7bf90f2" executionId="e7f4f38e-1fcc-4b04-9075-1886765c292f" testListId="8c84fa94-04c1-424b-9868-57a2d4851a1d" />
    <TestEntry testId="beb558c1-5293-58e2-7022-991f39de1527" executionId="18fb101d-0d24-4842-b79e-0dfd3f62635f" testListId="8c84fa94-04c1-424b-9868-57a2d4851a1d" />
    <TestEntry testId="c6212e60-baca-f748-d759-d8bc26fd522a" executionId="ecec5619-893b-4f15-8528-a0aea42cd444" testListId="8c84fa94-04c1-424b-9868-57a2d4851a1d" />
    <TestEntry testId="c9f717ed-c618-2aa9-7017-c76a8e5062f0" executionId="a3356762-504f-42fa-8e6f-d6ccea64b57a" testListId="8c84fa94-04c1-424b-9868-57a2d4851a1d" />
    <TestEntry testId="e8064bab-6953-e2e4-47d3-52cddbfb38a9" executionId="2ec23435-de40-43f2-b202-a7cdc3f8e4e0" testListId="8c84fa94-04c1-424b-9868-57a2d4851a1d" />
    <TestEntry testId="f7efcc7c-050b-e72e-cf9d-641c8a858b8d" executionId="9df19854-14de-4b7a-ad67-204a6c8601b7" testListId="8c84fa94-04c1-424b-9868-57a2d4851a1d" />
    <TestEntry testId="fdec48cd-c8b8-02be-7dbb-dbf931cee64b" executionId="eb666aef-8a97-4f33-a601-86133d592817" testListId="8c84fa94-04c1-424b-9868-57a2d4851a1d" />
  </TestEntries>
  <Results>
    <UnitTestResult executionId="4e053bdc-604e-43d2-befa-3990ab36e3c4" testId="11cd435b-30b0-6a42-d3de-aa81f3dae489" testName="Buy_Book_Post" computerName="USER-PC" duration="00:00:00.3637349" startTime="2012-04-15T18:04:29.9238281+03:00" endTime="2012-04-15T18:04:30.4550781+03:00" testType="13cdc9d9-ddb5-4fa4-a97d-d965ccfc6d4b" outcome="Passed" testListId="8c84fa94-04c1-424b-9868-57a2d4851a1d" relativeResultsDirectory="4e053bdc-604e-43d2-befa-3990ab36e3c4">
    </UnitTestResult>
    <UnitTestResult executionId="ed968460-4b4e-4335-b9ff-7d553560355d" testId="4ab8d7d9-bc75-8bfa-2444-6e5314dea175" testName="CantAuthenticateWrongUser" computerName="USER-PC" duration="00:00:00.0045153" startTime="2012-04-15T18:04:30.4570312+03:00" endTime="2012-04-15T18:04:30.4648437+03:00" testType="13cdc9d9-ddb5-4fa4-a97d-d965ccfc6d4b" outcome="Passed" testListId="8c84fa94-04c1-424b-9868-57a2d4851a1d" relativeResultsDirectory="ed968460-4b4e-4335-b9ff-7d553560355d">
    </UnitTestResult>
    <UnitTestResult executionId="7a201a35-096a-46b5-a4df-e1618b0e60a7" testId="77fdac1b-c763-8f90-6c3b-43cb56011b55" testName="Buy_Book_Get" computerName="USER-PC" duration="00:00:00.0079338" startTime="2012-04-15T18:04:30.4667968+03:00" endTime="2012-04-15T18:04:30.4765625+03:00" testType="13cdc9d9-ddb5-4fa4-a97d-d965ccfc6d4b" outcome="Passed" testListId="8c84fa94-04c1-424b-9868-57a2d4851a1d" relativeResultsDirectory="7a201a35-096a-46b5-a4df-e1618b0e60a7">
    </UnitTestResult>
    <UnitTestResult executionId="65dec0fd-62ed-4919-a894-c395ba483f82" testId="903e324b-8dcb-8f16-1024-8b204641844b" testName="Get_List_All_Books" computerName="USER-PC" duration="00:00:00.0222521" startTime="2012-04-15T18:04:30.4785156+03:00" endTime="2012-04-15T18:04:30.5029296+03:00" testType="13cdc9d9-ddb5-4fa4-a97d-d965ccfc6d4b" outcome="Passed" testListId="8c84fa94-04c1-424b-9868-57a2d4851a1d" relativeResultsDirectory="65dec0fd-62ed-4919-a894-c395ba483f82">
    </UnitTestResult>
    <UnitTestResult executionId="e7f4f38e-1fcc-4b04-9075-1886765c292f" testId="a2d95e8f-1df3-aed0-7f85-2edca7bf90f2" testName="CanCreateUser" computerName="USER-PC" duration="00:00:00.0018649" startTime="2012-04-15T18:04:30.5048828+03:00" endTime="2012-04-15T18:04:30.5087890+03:00" testType="13cdc9d9-ddb5-4fa4-a97d-d965ccfc6d4b" outcome="Passed" testListId="8c84fa94-04c1-424b-9868-57a2d4851a1d" relativeResultsDirectory="e7f4f38e-1fcc-4b04-9075-1886765c292f">
    </UnitTestResult>
    <UnitTestResult executionId="18fb101d-0d24-4842-b79e-0dfd3f62635f" testId="beb558c1-5293-58e2-7022-991f39de1527" testName="CantCreateDuplicateUser" computerName="USER-PC" duration="00:00:00.0023867" startTime="2012-04-15T18:04:30.5097656+03:00" endTime="2012-04-15T18:04:30.5146484+03:00" testType="13cdc9d9-ddb5-4fa4-a97d-d965ccfc6d4b" outcome="Passed" testListId="8c84fa94-04c1-424b-9868-57a2d4851a1d" relativeResultsDirectory="18fb101d-0d24-4842-b79e-0dfd3f62635f">
    </UnitTestResult>
    <UnitTestResult executionId="ecec5619-893b-4f15-8528-a0aea42cd444" testId="c6212e60-baca-f748-d759-d8bc26fd522a" testName="CanAuthenticateUserAfterCreation" computerName="USER-PC" duration="00:00:00.0023346" startTime="2012-04-15T18:04:30.5156250+03:00" endTime="2012-04-15T18:04:30.5205078+03:00" testType="13cdc9d9-ddb5-4fa4-a97d-d965ccfc6d4b" outcome="Passed" testListId="8c84fa94-04c1-424b-9868-57a2d4851a1d" relativeResultsDirectory="ecec5619-893b-4f15-8528-a0aea42cd444">
    </UnitTestResult>
    <UnitTestResult executionId="a3356762-504f-42fa-8e6f-d6ccea64b57a" testId="c9f717ed-c618-2aa9-7017-c76a8e5062f0" testName="CantCreateUserWithDuplicateEmail" computerName="USER-PC" duration="00:00:00.0030980" startTime="2012-04-15T18:04:30.5224609+03:00" endTime="2012-04-15T18:04:30.5273437+03:00" testType="13cdc9d9-ddb5-4fa4-a97d-d965ccfc6d4b" outcome="Passed" testListId="8c84fa94-04c1-424b-9868-57a2d4851a1d" relativeResultsDirectory="a3356762-504f-42fa-8e6f-d6ccea64b57a">
    </UnitTestResult>
    <UnitTestResult executionId="2ec23435-de40-43f2-b202-a7cdc3f8e4e0" testId="e8064bab-6953-e2e4-47d3-52cddbfb38a9" testName="Buy_Book_Get_Ajax" computerName="USER-PC" duration="00:00:00.0281829" startTime="2012-04-15T18:04:30.5283203+03:00" endTime="2012-04-15T18:04:30.5595703+03:00" testType="13cdc9d9-ddb5-4fa4-a97d-d965ccfc6d4b" outcome="Passed" testListId="8c84fa94-04c1-424b-9868-57a2d4851a1d" relativeResultsDirectory="2ec23435-de40-43f2-b202-a7cdc3f8e4e0">
    </UnitTestResult>
    <UnitTestResult executionId="9df19854-14de-4b7a-ad67-204a6c8601b7" testId="f7efcc7c-050b-e72e-cf9d-641c8a858b8d" testName="CantGetNotExistUserByName" computerName="USER-PC" duration="00:00:00.0041447" startTime="2012-04-15T18:04:30.5605468+03:00" endTime="2012-04-15T18:04:30.5673828+03:00" testType="13cdc9d9-ddb5-4fa4-a97d-d965ccfc6d4b" outcome="Passed" testListId="8c84fa94-04c1-424b-9868-57a2d4851a1d" relativeResultsDirectory="9df19854-14de-4b7a-ad67-204a6c8601b7">
    </UnitTestResult>
    <UnitTestResult executionId="eb666aef-8a97-4f33-a601-86133d592817" testId="fdec48cd-c8b8-02be-7dbb-dbf931cee64b" testName="CanGetUserByName" computerName="USER-PC" duration="00:00:00.0038857" startTime="2012-04-15T18:04:30.5683593+03:00" endTime="2012-04-15T18:04:30.5751953+03:00" testType="13cdc9d9-ddb5-4fa4-a97d-d965ccfc6d4b" outcome="Passed" testListId="8c84fa94-04c1-424b-9868-57a2d4851a1d" relativeResultsDirectory="eb666aef-8a97-4f33-a601-86133d592817">
    </UnitTestResult>
  </Results>
</TestRun>