<?xml version="1.0" encoding="UTF-8"?>
<TestRun id="3f33b632-6add-4498-87fb-8009181c1cf6" name="user@USER-PC 2012-04-15 18:05:14" runUser="user-PC\user" xmlns="http://microsoft.com/schemas/VisualStudio/TeamTest/2010">
  <TestSettings name="Local" id="cd4b7cfe-9bea-4788-86cd-336ecd64555a">
    <Description>These are default test settings for a local test run.</Description>
    <Deployment enabled="false" runDeploymentRoot="user_USER-PC 2012-04-15 18_05_14">
      <DeploymentItem filename="D:\PrgSource\BookShop\packages\Moq.4.0.10827\lib\NET40\Moq.dll" />
      <DeploymentItem filename="D:\PrgSource\BookShop\BookShopModel\bin\Debug\BookShopModel.dll" />
      <DeploymentItem filename="D:\PrgSource\BookShop\BookShopWeb\bin\BookShopWeb.dll" />
      <DeploymentItem filename="D:\PrgSource\BookShop\packages\EntityFramework.4.1.10331.0\lib\EntityFramework.dll" />
    </Deployment>
    <Execution>
      <TestTypeSpecific />
      <AgentRule name="Execution Agents">
      </AgentRule>
    </Execution>
  </TestSettings>
  <Times creation="2012-04-15T18:05:14.7705078+03:00" queuing="2012-04-15T18:05:14.8115234+03:00" start="2012-04-15T18:05:14.8232421+03:00" finish="2012-04-15T18:05:15.4755859+03:00" />
  <ResultSummary outcome="Completed">
    <Counters total="12" executed="12" passed="12" error="0" failed="0" timeout="0" aborted="0" inconclusive="0" passedButRunAborted="0" notRunnable="0" notExecuted="0" disconnected="0" warning="0" completed="0" inProgress="0" pending="0" />
  </ResultSummary>
  <TestDefinitions>
    <UnitTest name="CantAuthenticateWrongUser" storage="d:\prgsource\bookshop\bookshoptests\bin\debug\bookshoptests.dll" id="4ab8d7d9-bc75-8bfa-2444-6e5314dea175">
      <Execution id="c3bc18f7-d6e0-4b17-b62d-b1cd8a90824c" />
      <TestMethod codeBase="D:/PrgSource/BookShop/BookShopTests/bin/Debug/BookShopTests.DLL" adapterTypeName="Microsoft.VisualStudio.TestTools.TestTypes.Unit.UnitTestAdapter, Microsoft.VisualStudio.QualityTools.Tips.UnitTest.Adapter, Version=10.0.0.0, Culture=neutral, PublicKeyToken=b03f5f7f11d50a3a" className="BookShopTest.ModelTests, BookShopTests, Version=1.0.0.0, Culture=neutral, PublicKeyToken=null" name="CantAuthenticateWrongUser" />
    </UnitTest>
    <UnitTest name="Buy_Book_Post" storage="d:\prgsource\bookshop\bookshoptests\bin\debug\bookshoptests.dll" id="11cd435b-30b0-6a42-d3de-aa81f3dae489">
      <Execution id="a3a845bb-03b0-4325-a742-1d71f991c684" />
      <TestMethod codeBase="D:/PrgSource/BookShop/BookShopTests/bin/Debug/BookShopTests.DLL" adapterTypeName="Microsoft.VisualStudio.TestTools.TestTypes.Unit.UnitTestAdapter, Microsoft.VisualStudio.QualityTools.Tips.UnitTest.Adapter, Version=10.0.0.0, Culture=neutral, PublicKeyToken=b03f5f7f11d50a3a" className="BookShopTest.ControllerTests, BookShopTests, Version=1.0.0.0, Culture=neutral, PublicKeyToken=null" name="Buy_Book_Post" />
    </UnitTest>
    <UnitTest name="CanAuthenticateUserAfterCreation" storage="d:\prgsource\bookshop\bookshoptests\bin\debug\bookshoptests.dll" id="c6212e60-baca-f748-d759-d8bc26fd522a">
      <Execution id="9b78888e-8fa5-4984-8989-7f11a58412f6" />
      <TestMethod codeBase="D:/PrgSource/BookShop/BookShopTests/bin/Debug/BookShopTests.DLL" adapterTypeName="Microsoft.VisualStudio.TestTools.TestTypes.Unit.UnitTestAdapter, Microsoft.VisualStudio.QualityTools.Tips.UnitTest.Adapter, Version=10.0.0.0, Culture=neutral, PublicKeyToken=b03f5f7f11d50a3a" className="BookShopTest.ModelTests, BookShopTests, Version=1.0.0.0, Culture=neutral, PublicKeyToken=null" name="CanAuthenticateUserAfterCreation" />
    </UnitTest>
    <UnitTest name="CanCreateUser" storage="d:\prgsource\bookshop\bookshoptests\bin\debug\bookshoptests.dll" id="a2d95e8f-1df3-aed0-7f85-2edca7bf90f2">
      <Execution id="3891071c-cff9-4f82-a9ca-f5cacf10e18a" />
      <TestMethod codeBase="D:/PrgSource/BookShop/BookShopTests/bin/Debug/BookShopTests.DLL" adapterTypeName="Microsoft.VisualStudio.TestTools.TestTypes.Unit.UnitTestAdapter, Microsoft.VisualStudio.QualityTools.Tips.UnitTest.Adapter, Version=10.0.0.0, Culture=neutral, PublicKeyToken=b03f5f7f11d50a3a" className="BookShopTest.ModelTests, BookShopTests, Version=1.0.0.0, Culture=neutral, PublicKeyToken=null" name="CanCreateUser" />
    </UnitTest>
    <UnitTest name="Buy_Book_Get_Ajax" storage="d:\prgsource\bookshop\bookshoptests\bin\debug\bookshoptests.dll" id="e8064bab-6953-e2e4-47d3-52cddbfb38a9">
      <Execution id="cfac9ec9-55b4-4944-b261-17974bb77f7d" />
      <TestMethod codeBase="D:/PrgSource/BookShop/BookShopTests/bin/Debug/BookShopTests.DLL" adapterTypeName="Microsoft.VisualStudio.TestTools.TestTypes.Unit.UnitTestAdapter, Microsoft.VisualStudio.QualityTools.Tips.UnitTest.Adapter, Version=10.0.0.0, Culture=neutral, PublicKeyToken=b03f5f7f11d50a3a" className="BookShopTest.ControllerTests, BookShopTests, Version=1.0.0.0, Culture=neutral, PublicKeyToken=null" name="Buy_Book_Get_Ajax" />
    </UnitTest>
    <UnitTest name="CantCreateUserWithDuplicateEmail" storage="d:\prgsource\bookshop\bookshoptests\bin\debug\bookshoptests.dll" id="c9f717ed-c618-2aa9-7017-c76a8e5062f0">
      <Execution id="238c2466-de38-4b64-b05e-9c1d8f7b1667" />
      <TestMethod codeBase="D:/PrgSource/BookShop/BookShopTests/bin/Debug/BookShopTests.DLL" adapterTypeName="Microsoft.VisualStudio.TestTools.TestTypes.Unit.UnitTestAdapter, Microsoft.VisualStudio.QualityTools.Tips.UnitTest.Adapter, Version=10.0.0.0, Culture=neutral, PublicKeyToken=b03f5f7f11d50a3a" className="BookShopTest.ModelTests, BookShopTests, Version=1.0.0.0, Culture=neutral, PublicKeyToken=null" name="CantCreateUserWithDuplicateEmail" />
    </UnitTest>
    <UnitTest name="Buy_Book_Post_Ajax" storage="d:\prgsource\bookshop\bookshoptests\bin\debug\bookshoptests.dll" id="5d6d3e12-6330-faeb-6eaf-49c46c7c5cc3">
      <Execution id="6c092355-9d43-457b-8d24-dd3412c6efd1" />
      <TestMethod codeBase="D:/PrgSource/BookShop/BookShopTests/bin/Debug/BookShopTests.DLL" adapterTypeName="Microsoft.VisualStudio.TestTools.TestTypes.Unit.UnitTestAdapter, Microsoft.VisualStudio.QualityTools.Tips.UnitTest.Adapter, Version=10.0.0.0, Culture=neutral, PublicKeyToken=b03f5f7f11d50a3a" className="BookShopTest.ControllerTests, BookShopTests, Version=1.0.0.0, Culture=neutral, PublicKeyToken=null" name="Buy_Book_Post_Ajax" />
    </UnitTest>
    <UnitTest name="CantCreateDuplicateUser" storage="d:\prgsource\bookshop\bookshoptests\bin\debug\bookshoptests.dll" id="beb558c1-5293-58e2-7022-991f39de1527">
      <Execution id="2c50ab15-d6e6-48f9-9cce-399caa3ea2f0" />
      <TestMethod codeBase="D:/PrgSource/BookShop/BookShopTests/bin/Debug/BookShopTests.DLL" adapterTypeName="Microsoft.VisualStudio.TestTools.TestTypes.Unit.UnitTestAdapter, Microsoft.VisualStudio.QualityTools.Tips.UnitTest.Adapter, Version=10.0.0.0, Culture=neutral, PublicKeyToken=b03f5f7f11d50a3a" className="BookShopTest.ModelTests, BookShopTests, Version=1.0.0.0, Culture=neutral, PublicKeyToken=null" name="CantCreateDuplicateUser" />
    </UnitTest>
    <UnitTest name="CantGetNotExistUserByName" storage="d:\prgsource\bookshop\bookshoptests\bin\debug\bookshoptests.dll" id="f7efcc7c-050b-e72e-cf9d-641c8a858b8d">
      <Execution id="bb12e8c6-e3d9-4d59-9678-99aa005f7713" />
      <TestMethod codeBase="D:/PrgSource/BookShop/BookShopTests/bin/Debug/BookShopTests.DLL" adapterTypeName="Microsoft.VisualStudio.TestTools.TestTypes.Unit.UnitTestAdapter, Microsoft.VisualStudio.QualityTools.Tips.UnitTest.Adapter, Version=10.0.0.0, Culture=neutral, PublicKeyToken=b03f5f7f11d50a3a" className="BookShopTest.ModelTests, BookShopTests, Version=1.0.0.0, Culture=neutral, PublicKeyToken=null" name="CantGetNotExistUserByName" />
    </UnitTest>
    <UnitTest name="Buy_Book_Get" storage="d:\prgsource\bookshop\bookshoptests\bin\debug\bookshoptests.dll" id="77fdac1b-c763-8f90-6c3b-43cb56011b55">
      <Execution id="db636b72-5465-4a29-a747-30f2898efbae" />
      <TestMethod codeBase="D:/PrgSource/BookShop/BookShopTests/bin/Debug/BookShopTests.DLL" adapterTypeName="Microsoft.VisualStudio.TestTools.TestTypes.Unit.UnitTestAdapter, Microsoft.VisualStudio.QualityTools.Tips.UnitTest.Adapter, Version=10.0.0.0, Culture=neutral, PublicKeyToken=b03f5f7f11d50a3a" className="BookShopTest.ControllerTests, BookShopTests, Version=1.0.0.0, Culture=neutral, PublicKeyToken=null" name="Buy_Book_Get" />
    </UnitTest>
    <UnitTest name="Get_List_All_Books" storage="d:\prgsource\bookshop\bookshoptests\bin\debug\bookshoptests.dll" id="903e324b-8dcb-8f16-1024-8b204641844b">
      <Execution id="3fc97644-75b2-48b4-abc9-7d55dab3a5e6" />
      <TestMethod codeBase="D:/PrgSource/BookShop/BookShopTests/bin/Debug/BookShopTests.DLL" adapterTypeName="Microsoft.VisualStudio.TestTools.TestTypes.Unit.UnitTestAdapter, Microsoft.VisualStudio.QualityTools.Tips.UnitTest.Adapter, Version=10.0.0.0, Culture=neutral, PublicKeyToken=b03f5f7f11d50a3a" className="BookShopTest.ControllerTests, BookShopTests, Version=1.0.0.0, Culture=neutral, PublicKeyToken=null" name="Get_List_All_Books" />
    </UnitTest>
    <UnitTest name="CanGetUserByName" storage="d:\prgsource\bookshop\bookshoptests\bin\debug\bookshoptests.dll" id="fdec48cd-c8b8-02be-7dbb-dbf931cee64b">
      <Execution id="27204ac9-1fe3-4811-a5cc-0860085728e0" />
      <TestMethod codeBase="D:/PrgSource/BookShop/BookShopTests/bin/Debug/BookShopTests.DLL" adapterTypeName="Microsoft.VisualStudio.TestTools.TestTypes.Unit.UnitTestAdapter, Microsoft.VisualStudio.QualityTools.Tips.UnitTest.Adapter, Version=10.0.0.0, Culture=neutral, PublicKeyToken=b03f5f7f11d50a3a" className="BookShopTest.ModelTests, BookShopTests, Version=1.0.0.0, Culture=neutral, PublicKeyToken=null" name="CanGetUserByName" />
    </UnitTest>
  </TestDefinitions>
  <TestLists>
    <TestList name="Results Not in a List" id="8c84fa94-04c1-424b-9868-57a2d4851a1d" />
    <TestList name="All Loaded Results" id="19431567-8539-422a-85d7-44ee4e166bda" />
  </TestLists>
  <TestEntries>
    <TestEntry testId="11cd435b-30b0-6a42-d3de-aa81f3dae489" executionId="a3a845bb-03b0-4325-a742-1d71f991c684" testListId="8c84fa94-04c1-424b-9868-57a2d4851a1d" />
    <TestEntry testId="4ab8d7d9-bc75-8bfa-2444-6e5314dea175" executionId="c3bc18f7-d6e0-4b17-b62d-b1cd8a90824c" testListId="8c84fa94-04c1-424b-9868-57a2d4851a1d" />
    <TestEntry testId="5d6d3e12-6330-faeb-6eaf-49c46c7c5cc3" executionId="6c092355-9d43-457b-8d24-dd3412c6efd1" testListId="8c84fa94-04c1-424b-9868-57a2d4851a1d" />
    <TestEntry testId="77fdac1b-c763-8f90-6c3b-43cb56011b55" executionId="db636b72-5465-4a29-a747-30f2898efbae" testListId="8c84fa94-04c1-424b-9868-57a2d4851a1d" />
    <TestEntry testId="903e324b-8dcb-8f16-1024-8b204641844b" executionId="3fc97644-75b2-48b4-abc9-7d55dab3a5e6" testListId="8c84fa94-04c1-424b-9868-57a2d4851a1d" />
    <TestEntry testId="a2d95e8f-1df3-aed0-7f85-2edca7bf90f2" executionId="3891071c-cff9-4f82-a9ca-f5cacf10e18a" testListId="8c84fa94-04c1-424b-9868-57a2d4851a1d" />
    <TestEntry testId="beb558c1-5293-58e2-7022-991f39de1527" executionId="2c50ab15-d6e6-48f9-9cce-399caa3ea2f0" testListId="8c84fa94-04c1-424b-9868-57a2d4851a1d" />
    <TestEntry testId="c6212e60-baca-f748-d759-d8bc26fd522a" executionId="9b78888e-8fa5-4984-8989-7f11a58412f6" testListId="8c84fa94-04c1-424b-9868-57a2d4851a1d" />
    <TestEntry testId="c9f717ed-c618-2aa9-7017-c76a8e5062f0" executionId="238c2466-de38-4b64-b05e-9c1d8f7b1667" testListId="8c84fa94-04c1-424b-9868-57a2d4851a1d" />
    <TestEntry testId="e8064bab-6953-e2e4-47d3-52cddbfb38a9" executionId="cfac9ec9-55b4-4944-b261-17974bb77f7d" testListId="8c84fa94-04c1-424b-9868-57a2d4851a1d" />
    <TestEntry testId="f7efcc7c-050b-e72e-cf9d-641c8a858b8d" executionId="bb12e8c6-e3d9-4d59-9678-99aa005f7713" testListId="8c84fa94-04c1-424b-9868-57a2d4851a1d" />
    <TestEntry testId="fdec48cd-c8b8-02be-7dbb-dbf931cee64b" executionId="27204ac9-1fe3-4811-a5cc-0860085728e0" testListId="8c84fa94-04c1-424b-9868-57a2d4851a1d" />
  </TestEntries>
  <Results>
    <UnitTestResult executionId="a3a845bb-03b0-4325-a742-1d71f991c684" testId="11cd435b-30b0-6a42-d3de-aa81f3dae489" testName="Buy_Book_Post" computerName="USER-PC" duration="00:00:00.3345616" startTime="2012-04-15T18:05:14.8261718+03:00" endTime="2012-04-15T18:05:15.3339843+03:00" testType="13cdc9d9-ddb5-4fa4-a97d-d965ccfc6d4b" outcome="Passed" testListId="8c84fa94-04c1-424b-9868-57a2d4851a1d" relativeResultsDirectory="a3a845bb-03b0-4325-a742-1d71f991c684">
    </UnitTestResult>
    <UnitTestResult executionId="c3bc18f7-d6e0-4b17-b62d-b1cd8a90824c" testId="4ab8d7d9-bc75-8bfa-2444-6e5314dea175" testName="CantAuthenticateWrongUser" computerName="USER-PC" duration="00:00:00.0044390" startTime="2012-04-15T18:05:15.3349609+03:00" endTime="2012-04-15T18:05:15.3427734+03:00" testType="13cdc9d9-ddb5-4fa4-a97d-d965ccfc6d4b" outcome="Passed" testListId="8c84fa94-04c1-424b-9868-57a2d4851a1d" relativeResultsDirectory="c3bc18f7-d6e0-4b17-b62d-b1cd8a90824c">
    </UnitTestResult>
    <UnitTestResult executionId="6c092355-9d43-457b-8d24-dd3412c6efd1" testId="5d6d3e12-6330-faeb-6eaf-49c46c7c5cc3" testName="Buy_Book_Post_Ajax" computerName="USER-PC" duration="00:00:00.0293721" startTime="2012-04-15T18:05:15.3437500+03:00" endTime="2012-04-15T18:05:15.3759765+03:00" testType="13cdc9d9-ddb5-4fa4-a97d-d965ccfc6d4b" outcome="Passed" testListId="8c84fa94-04c1-424b-9868-57a2d4851a1d" relativeResultsDirectory="6c092355-9d43-457b-8d24-dd3412c6efd1">
    </UnitTestResult>
    <UnitTestResult executionId="db636b72-5465-4a29-a747-30f2898efbae" testId="77fdac1b-c763-8f90-6c3b-43cb56011b55" testName="Buy_Book_Get" computerName="USER-PC" duration="00:00:00.0063818" startTime="2012-04-15T18:05:15.3769531+03:00" endTime="2012-04-15T18:05:15.3857421+03:00" testType="13cdc9d9-ddb5-4fa4-a97d-d965ccfc6d4b" outcome="Passed" testListId="8c84fa94-04c1-424b-9868-57a2d4851a1d" relativeResultsDirectory="db636b72-5465-4a29-a747-30f2898efbae">
    </UnitTestResult>
    <UnitTestResult executionId="3fc97644-75b2-48b4-abc9-7d55dab3a5e6" testId="903e324b-8dcb-8f16-1024-8b204641844b" testName="Get_List_All_Books" computerName="USER-PC" duration="00:00:00.0189835" startTime="2012-04-15T18:05:15.3876953+03:00" endTime="2012-04-15T18:05:15.4082031+03:00" testType="13cdc9d9-ddb5-4fa4-a97d-d965ccfc6d4b" outcome="Passed" testListId="8c84fa94-04c1-424b-9868-57a2d4851a1d" relativeResultsDirectory="3fc97644-75b2-48b4-abc9-7d55dab3a5e6">
    </UnitTestResult>
    <UnitTestResult executionId="3891071c-cff9-4f82-a9ca-f5cacf10e18a" testId="a2d95e8f-1df3-aed0-7f85-2edca7bf90f2" testName="CanCreateUser" computerName="USER-PC" duration="00:00:00.0019039" startTime="2012-04-15T18:05:15.4101562+03:00" endTime="2012-04-15T18:05:15.4140625+03:00" testType="13cdc9d9-ddb5-4fa4-a97d-d965ccfc6d4b" outcome="Passed" testListId="8c84fa94-04c1-424b-9868-57a2d4851a1d" relativeResultsDirectory="3891071c-cff9-4f82-a9ca-f5cacf10e18a">
    </UnitTestResult>
    <UnitTestResult executionId="2c50ab15-d6e6-48f9-9cce-399caa3ea2f0" testId="beb558c1-5293-58e2-7022-991f39de1527" testName="CantCreateDuplicateUser" computerName="USER-PC" duration="00:00:00.0023879" startTime="2012-04-15T18:05:15.4160156+03:00" endTime="2012-04-15T18:05:15.4199218+03:00" testType="13cdc9d9-ddb5-4fa4-a97d-d965ccfc6d4b" outcome="Passed" testListId="8c84fa94-04c1-424b-9868-57a2d4851a1d" relativeResultsDirectory="2c50ab15-d6e6-48f9-9cce-399caa3ea2f0">
    </UnitTestResult>
    <UnitTestResult executionId="9b78888e-8fa5-4984-8989-7f11a58412f6" testId="c6212e60-baca-f748-d759-d8bc26fd522a" testName="CanAuthenticateUserAfterCreation" computerName="USER-PC" duration="00:00:00.0027847" startTime="2012-04-15T18:05:15.4218750+03:00" endTime="2012-04-15T18:05:15.4267578+03:00" testType="13cdc9d9-ddb5-4fa4-a97d-d965ccfc6d4b" outcome="Passed" testListId="8c84fa94-04c1-424b-9868-57a2d4851a1d" relativeResultsDirectory="9b78888e-8fa5-4984-8989-7f11a58412f6">
    </UnitTestResult>
    <UnitTestResult executionId="238c2466-de38-4b64-b05e-9c1d8f7b1667" testId="c9f717ed-c618-2aa9-7017-c76a8e5062f0" testName="CantCreateUserWithDuplicateEmail" computerName="USER-PC" duration="00:00:00.0031164" startTime="2012-04-15T18:05:15.4287109+03:00" endTime="2012-04-15T18:05:15.4335937+03:00" testType="13cdc9d9-ddb5-4fa4-a97d-d965ccfc6d4b" outcome="Passed" testListId="8c84fa94-04c1-424b-9868-57a2d4851a1d" relativeResultsDirectory="238c2466-de38-4b64-b05e-9c1d8f7b1667">
    </UnitTestResult>
    <UnitTestResult executionId="cfac9ec9-55b4-4944-b261-17974bb77f7d" testId="e8064bab-6953-e2e4-47d3-52cddbfb38a9" testName="Buy_Book_Get_Ajax" computerName="USER-PC" duration="00:00:00.0087832" startTime="2012-04-15T18:05:15.4345703+03:00" endTime="2012-04-15T18:05:15.4462890+03:00" testType="13cdc9d9-ddb5-4fa4-a97d-d965ccfc6d4b" outcome="Passed" testListId="8c84fa94-04c1-424b-9868-57a2d4851a1d" relativeResultsDirectory="cfac9ec9-55b4-4944-b261-17974bb77f7d">
    </UnitTestResult>
    <UnitTestResult executionId="bb12e8c6-e3d9-4d59-9678-99aa005f7713" testId="f7efcc7c-050b-e72e-cf9d-641c8a858b8d" testName="CantGetNotExistUserByName" computerName="USER-PC" duration="00:00:00.0036934" startTime="2012-04-15T18:05:15.4472656+03:00" endTime="2012-04-15T18:05:15.4531250+03:00" testType="13cdc9d9-ddb5-4fa4-a97d-d965ccfc6d4b" outcome="Passed" testListId="8c84fa94-04c1-424b-9868-57a2d4851a1d" relativeResultsDirectory="bb12e8c6-e3d9-4d59-9678-99aa005f7713">
    </UnitTestResult>
    <UnitTestResult executionId="27204ac9-1fe3-4811-a5cc-0860085728e0" testId="fdec48cd-c8b8-02be-7dbb-dbf931cee64b" testName="CanGetUserByName" computerName="USER-PC" duration="00:00:00.0036906" startTime="2012-04-15T18:05:15.4550781+03:00" endTime="2012-04-15T18:05:15.4609375+03:00" testType="13cdc9d9-ddb5-4fa4-a97d-d965ccfc6d4b" outcome="Passed" testListId="8c84fa94-04c1-424b-9868-57a2d4851a1d" relativeResultsDirectory="27204ac9-1fe3-4811-a5cc-0860085728e0">
    </UnitTestResult>
  </Results>
</TestRun>