<?xml version="1.0" encoding="UTF-8"?>
<TestRun id="b5fa4c7e-cc35-4604-868e-505e6e229ccd" name="user@USER-PC 2012-04-15 18:09:39" runUser="user-PC\user" xmlns="http://microsoft.com/schemas/VisualStudio/TeamTest/2010">
  <TestSettings name="Local" id="cd4b7cfe-9bea-4788-86cd-336ecd64555a">
    <Description>These are default test settings for a local test run.</Description>
    <Deployment enabled="false" runDeploymentRoot="user_USER-PC 2012-04-15 18_09_39">
      <DeploymentItem filename="D:\PrgSource\BookShop\packages\Moq.4.0.10827\lib\NET40\Moq.dll" />
      <DeploymentItem filename="D:\PrgSource\BookShop\BookShopModel\bin\Debug\BookShopModel.dll" />
      <DeploymentItem filename="D:\PrgSource\BookShop\BookShopWeb\bin\BookShopWeb.dll" />
      <DeploymentItem filename="D:\PrgSource\BookShop\packages\EntityFramework.4.1.10331.0\lib\EntityFramework.dll" />
    </Deployment>
    <Execution>
      <TestTypeSpecific />
      <AgentRule name="Execution Agents">
      </AgentRule>
    </Execution>
  </TestSettings>
  <Times creation="2012-04-15T18:09:39.7246093+03:00" queuing="2012-04-15T18:09:39.7656250+03:00" start="2012-04-15T18:09:39.7744140+03:00" finish="2012-04-15T18:09:40.6386718+03:00" />
  <ResultSummary outcome="Failed">
    <Counters total="13" executed="13" passed="12" error="0" failed="1" timeout="0" aborted="0" inconclusive="0" passedButRunAborted="0" notRunnable="0" notExecuted="0" disconnected="0" warning="0" completed="0" inProgress="0" pending="0" />
  </ResultSummary>
  <TestDefinitions>
    <UnitTest name="CantCreateDuplicateUser" storage="d:\prgsource\bookshop\bookshoptests\bin\debug\bookshoptests.dll" id="beb558c1-5293-58e2-7022-991f39de1527">
      <Execution id="20e12344-52cd-449f-b2f3-642195452340" />
      <TestMethod codeBase="D:/PrgSource/BookShop/BookShopTests/bin/Debug/BookShopTests.DLL" adapterTypeName="Microsoft.VisualStudio.TestTools.TestTypes.Unit.UnitTestAdapter, Microsoft.VisualStudio.QualityTools.Tips.UnitTest.Adapter, Version=10.0.0.0, Culture=neutral, PublicKeyToken=b03f5f7f11d50a3a" className="BookShopTest.ModelTests, BookShopTests, Version=1.0.0.0, Culture=neutral, PublicKeyToken=null" name="CantCreateDuplicateUser" />
    </UnitTest>
    <UnitTest name="CantGetNotExistUserByName" storage="d:\prgsource\bookshop\bookshoptests\bin\debug\bookshoptests.dll" id="f7efcc7c-050b-e72e-cf9d-641c8a858b8d">
      <Execution id="90f5cf44-da1b-46d8-b37f-bc8fe935275b" />
      <TestMethod codeBase="D:/PrgSource/BookShop/BookShopTests/bin/Debug/BookShopTests.DLL" adapterTypeName="Microsoft.VisualStudio.TestTools.TestTypes.Unit.UnitTestAdapter, Microsoft.VisualStudio.QualityTools.Tips.UnitTest.Adapter, Version=10.0.0.0, Culture=neutral, PublicKeyToken=b03f5f7f11d50a3a" className="BookShopTest.ModelTests, BookShopTests, Version=1.0.0.0, Culture=neutral, PublicKeyToken=null" name="CantGetNotExistUserByName" />
    </UnitTest>
    <UnitTest name="Get_List_All_Books" storage="d:\prgsource\bookshop\bookshoptests\bin\debug\bookshoptests.dll" id="903e324b-8dcb-8f16-1024-8b204641844b">
      <Execution id="b2e0ce4a-76f3-4d37-bb22-8af9368dd041" />
      <TestMethod codeBase="D:/PrgSource/BookShop/BookShopTests/bin/Debug/BookShopTests.DLL" adapterTypeName="Microsoft.VisualStudio.TestTools.TestTypes.Unit.UnitTestAdapter, Microsoft.VisualStudio.QualityTools.Tips.UnitTest.Adapter, Version=10.0.0.0, Culture=neutral, PublicKeyToken=b03f5f7f11d50a3a" className="BookShopTest.ControllerTests, BookShopTests, Version=1.0.0.0, Culture=neutral, PublicKeyToken=null" name="Get_List_All_Books" />
    </UnitTest>
    <UnitTest name="Buy_Book_Get" storage="d:\prgsource\bookshop\bookshoptests\bin\debug\bookshoptests.dll" id="77fdac1b-c763-8f90-6c3b-43cb56011b55">
      <Execution id="76c3826d-dc74-430e-946e-f9d4e200ed83" />
      <TestMethod codeBase="D:/PrgSource/BookShop/BookShopTests/bin/Debug/BookShopTests.DLL" adapterTypeName="Microsoft.VisualStudio.TestTools.TestTypes.Unit.UnitTestAdapter, Microsoft.VisualStudio.QualityTools.Tips.UnitTest.Adapter, Version=10.0.0.0, Culture=neutral, PublicKeyToken=b03f5f7f11d50a3a" className="BookShopTest.ControllerTests, BookShopTests, Version=1.0.0.0, Culture=neutral, PublicKeyToken=null" name="Buy_Book_Get" />
    </UnitTest>
    <UnitTest name="Buy_Book_Get_Ajax" storage="d:\prgsource\bookshop\bookshoptests\bin\debug\bookshoptests.dll" id="e8064bab-6953-e2e4-47d3-52cddbfb38a9">
      <Execution id="aecd339d-d7b9-441b-abcf-4f99b8e73be1" />
      <TestMethod codeBase="D:/PrgSource/BookShop/BookShopTests/bin/Debug/BookShopTests.DLL" adapterTypeName="Microsoft.VisualStudio.TestTools.TestTypes.Unit.UnitTestAdapter, Microsoft.VisualStudio.QualityTools.Tips.UnitTest.Adapter, Version=10.0.0.0, Culture=neutral, PublicKeyToken=b03f5f7f11d50a3a" className="BookShopTest.ControllerTests, BookShopTests, Version=1.0.0.0, Culture=neutral, PublicKeyToken=null" name="Buy_Book_Get_Ajax" />
    </UnitTest>
    <UnitTest name="CantCreateUserWithDuplicateEmail" storage="d:\prgsource\bookshop\bookshoptests\bin\debug\bookshoptests.dll" id="c9f717ed-c618-2aa9-7017-c76a8e5062f0">
      <Execution id="dc226ed6-7d38-4dfc-acad-5b0f4813fc61" />
      <TestMethod codeBase="D:/PrgSource/BookShop/BookShopTests/bin/Debug/BookShopTests.DLL" adapterTypeName="Microsoft.VisualStudio.TestTools.TestTypes.Unit.UnitTestAdapter, Microsoft.VisualStudio.QualityTools.Tips.UnitTest.Adapter, Version=10.0.0.0, Culture=neutral, PublicKeyToken=b03f5f7f11d50a3a" className="BookShopTest.ModelTests, BookShopTests, Version=1.0.0.0, Culture=neutral, PublicKeyToken=null" name="CantCreateUserWithDuplicateEmail" />
    </UnitTest>
    <UnitTest name="Buy_Book_Post_NotValidModelState" storage="d:\prgsource\bookshop\bookshoptests\bin\debug\bookshoptests.dll" id="9afbef2c-9075-d8ab-de84-d60944cf0375">
      <Execution id="a6c76edf-8ace-492c-b541-9290562ff010" />
      <TestMethod codeBase="D:/PrgSource/BookShop/BookShopTests/bin/Debug/BookShopTests.DLL" adapterTypeName="Microsoft.VisualStudio.TestTools.TestTypes.Unit.UnitTestAdapter, Microsoft.VisualStudio.QualityTools.Tips.UnitTest.Adapter, Version=10.0.0.0, Culture=neutral, PublicKeyToken=b03f5f7f11d50a3a" className="BookShopTest.ControllerTests, BookShopTests, Version=1.0.0.0, Culture=neutral, PublicKeyToken=null" name="Buy_Book_Post_NotValidModelState" />
    </UnitTest>
    <UnitTest name="Buy_Book_Post_Ajax" storage="d:\prgsource\bookshop\bookshoptests\bin\debug\bookshoptests.dll" id="5d6d3e12-6330-faeb-6eaf-49c46c7c5cc3">
      <Execution id="640099cb-8dc8-41b8-8c29-1d3c58398147" />
      <TestMethod codeBase="D:/PrgSource/BookShop/BookShopTests/bin/Debug/BookShopTests.DLL" adapterTypeName="Microsoft.VisualStudio.TestTools.TestTypes.Unit.UnitTestAdapter, Microsoft.VisualStudio.QualityTools.Tips.UnitTest.Adapter, Version=10.0.0.0, Culture=neutral, PublicKeyToken=b03f5f7f11d50a3a" className="BookShopTest.ControllerTests, BookShopTests, Version=1.0.0.0, Culture=neutral, PublicKeyToken=null" name="Buy_Book_Post_Ajax" />
    </UnitTest>
    <UnitTest name="Buy_Book_Post" storage="d:\prgsource\bookshop\bookshoptests\bin\debug\bookshoptests.dll" id="11cd435b-30b0-6a42-d3de-aa81f3dae489">
      <Execution id="f3f41991-b844-4fe4-a205-9f803b5c6afc" />
      <TestMethod codeBase="D:/PrgSource/BookShop/BookShopTests/bin/Debug/BookShopTests.DLL" adapterTypeName="Microsoft.VisualStudio.TestTools.TestTypes.Unit.UnitTestAdapter, Microsoft.VisualStudio.QualityTools.Tips.UnitTest.Adapter, Version=10.0.0.0, Culture=neutral, PublicKeyToken=b03f5f7f11d50a3a" className="BookShopTest.ControllerTests, BookShopTests, Version=1.0.0.0, Culture=neutral, PublicKeyToken=null" name="Buy_Book_Post" />
    </UnitTest>
    <UnitTest name="CanAuthenticateUserAfterCreation" storage="d:\prgsource\bookshop\bookshoptests\bin\debug\bookshoptests.dll" id="c6212e60-baca-f748-d759-d8bc26fd522a">
      <Execution id="e3b47ec4-02c6-4448-b9a2-c58ca1926165" />
      <TestMethod codeBase="D:/PrgSource/BookShop/BookShopTests/bin/Debug/BookShopTests.DLL" adapterTypeName="Microsoft.VisualStudio.TestTools.TestTypes.Unit.UnitTestAdapter, Microsoft.VisualStudio.QualityTools.Tips.UnitTest.Adapter, Version=10.0.0.0, Culture=neutral, PublicKeyToken=b03f5f7f11d50a3a" className="BookShopTest.ModelTests, BookShopTests, Version=1.0.0.0, Culture=neutral, PublicKeyToken=null" name="CanAuthenticateUserAfterCreation" />
    </UnitTest>
    <UnitTest name="CanGetUserByName" storage="d:\prgsource\bookshop\bookshoptests\bin\debug\bookshoptests.dll" id="fdec48cd-c8b8-02be-7dbb-dbf931cee64b">
      <Execution id="048f8c68-8b97-4a4c-a360-ad015fc4ebef" />
      <TestMethod codeBase="D:/PrgSource/BookShop/BookShopTests/bin/Debug/BookShopTests.DLL" adapterTypeName="Microsoft.VisualStudio.TestTools.TestTypes.Unit.UnitTestAdapter, Microsoft.VisualStudio.QualityTools.Tips.UnitTest.Adapter, Version=10.0.0.0, Culture=neutral, PublicKeyToken=b03f5f7f11d50a3a" className="BookShopTest.ModelTests, BookShopTests, Version=1.0.0.0, Culture=neutral, PublicKeyToken=null" name="CanGetUserByName" />
    </UnitTest>
    <UnitTest name="CantAuthenticateWrongUser" storage="d:\prgsource\bookshop\bookshoptests\bin\debug\bookshoptests.dll" id="4ab8d7d9-bc75-8bfa-2444-6e5314dea175">
      <Execution id="3b183a13-1378-44bb-b2c4-f65b2e0364df" />
      <TestMethod codeBase="D:/PrgSource/BookShop/BookShopTests/bin/Debug/BookShopTests.DLL" adapterTypeName="Microsoft.VisualStudio.TestTools.TestTypes.Unit.UnitTestAdapter, Microsoft.VisualStudio.QualityTools.Tips.UnitTest.Adapter, Version=10.0.0.0, Culture=neutral, PublicKeyToken=b03f5f7f11d50a3a" className="BookShopTest.ModelTests, BookShopTests, Version=1.0.0.0, Culture=neutral, PublicKeyToken=null" name="CantAuthenticateWrongUser" />
    </UnitTest>
    <UnitTest name="CanCreateUser" storage="d:\prgsource\bookshop\bookshoptests\bin\debug\bookshoptests.dll" id="a2d95e8f-1df3-aed0-7f85-2edca7bf90f2">
      <Execution id="fb21679c-e419-432e-849c-4a3bcfa4c675" />
      <TestMethod codeBase="D:/PrgSource/BookShop/BookShopTests/bin/Debug/BookShopTests.DLL" adapterTypeName="Microsoft.VisualStudio.TestTools.TestTypes.Unit.UnitTestAdapter, Microsoft.VisualStudio.QualityTools.Tips.UnitTest.Adapter, Version=10.0.0.0, Culture=neutral, PublicKeyToken=b03f5f7f11d50a3a" className="BookShopTest.ModelTests, BookShopTests, Version=1.0.0.0, Culture=neutral, PublicKeyToken=null" name="CanCreateUser" />
    </UnitTest>
  </TestDefinitions>
  <TestLists>
    <TestList name="Results Not in a List" id="8c84fa94-04c1-424b-9868-57a2d4851a1d" />
    <TestList name="All Loaded Results" id="19431567-8539-422a-85d7-44ee4e166bda" />
  </TestLists>
  <TestEntries>
    <TestEntry testId="11cd435b-30b0-6a42-d3de-aa81f3dae489" executionId="f3f41991-b844-4fe4-a205-9f803b5c6afc" testListId="8c84fa94-04c1-424b-9868-57a2d4851a1d" />
    <TestEntry testId="4ab8d7d9-bc75-8bfa-2444-6e5314dea175" executionId="3b183a13-1378-44bb-b2c4-f65b2e0364df" testListId="8c84fa94-04c1-424b-9868-57a2d4851a1d" />
    <TestEntry testId="5d6d3e12-6330-faeb-6eaf-49c46c7c5cc3" executionId="640099cb-8dc8-41b8-8c29-1d3c58398147" testListId="8c84fa94-04c1-424b-9868-57a2d4851a1d" />
    <TestEntry testId="77fdac1b-c763-8f90-6c3b-43cb56011b55" executionId="76c3826d-dc74-430e-946e-f9d4e200ed83" testListId="8c84fa94-04c1-424b-9868-57a2d4851a1d" />
    <TestEntry testId="903e324b-8dcb-8f16-1024-8b204641844b" executionId="b2e0ce4a-76f3-4d37-bb22-8af9368dd041" testListId="8c84fa94-04c1-424b-9868-57a2d4851a1d" />
    <TestEntry testId="9afbef2c-9075-d8ab-de84-d60944cf0375" executionId="a6c76edf-8ace-492c-b541-9290562ff010" testListId="8c84fa94-04c1-424b-9868-57a2d4851a1d" />
    <TestEntry testId="a2d95e8f-1df3-aed0-7f85-2edca7bf90f2" executionId="fb21679c-e419-432e-849c-4a3bcfa4c675" testListId="8c84fa94-04c1-424b-9868-57a2d4851a1d" />
    <TestEntry testId="beb558c1-5293-58e2-7022-991f39de1527" executionId="20e12344-52cd-449f-b2f3-642195452340" testListId="8c84fa94-04c1-424b-9868-57a2d4851a1d" />
    <TestEntry testId="c6212e60-baca-f748-d759-d8bc26fd522a" executionId="e3b47ec4-02c6-4448-b9a2-c58ca1926165" testListId="8c84fa94-04c1-424b-9868-57a2d4851a1d" />
    <TestEntry testId="c9f717ed-c618-2aa9-7017-c76a8e5062f0" executionId="dc226ed6-7d38-4dfc-acad-5b0f4813fc61" testListId="8c84fa94-04c1-424b-9868-57a2d4851a1d" />
    <TestEntry testId="e8064bab-6953-e2e4-47d3-52cddbfb38a9" executionId="aecd339d-d7b9-441b-abcf-4f99b8e73be1" testListId="8c84fa94-04c1-424b-9868-57a2d4851a1d" />
    <TestEntry testId="f7efcc7c-050b-e72e-cf9d-641c8a858b8d" executionId="90f5cf44-da1b-46d8-b37f-bc8fe935275b" testListId="8c84fa94-04c1-424b-9868-57a2d4851a1d" />
    <TestEntry testId="fdec48cd-c8b8-02be-7dbb-dbf931cee64b" executionId="048f8c68-8b97-4a4c-a360-ad015fc4ebef" testListId="8c84fa94-04c1-424b-9868-57a2d4851a1d" />
  </TestEntries>
  <Results>
    <UnitTestResult executionId="f3f41991-b844-4fe4-a205-9f803b5c6afc" testId="11cd435b-30b0-6a42-d3de-aa81f3dae489" testName="Buy_Book_Post" computerName="USER-PC" duration="00:00:00.3446397" startTime="2012-04-15T18:09:39.7763671+03:00" endTime="2012-04-15T18:09:40.2900390+03:00" testType="13cdc9d9-ddb5-4fa4-a97d-d965ccfc6d4b" outcome="Passed" testListId="8c84fa94-04c1-424b-9868-57a2d4851a1d" relativeResultsDirectory="f3f41991-b844-4fe4-a205-9f803b5c6afc">
    </UnitTestResult>
    <UnitTestResult executionId="3b183a13-1378-44bb-b2c4-f65b2e0364df" testId="4ab8d7d9-bc75-8bfa-2444-6e5314dea175" testName="CantAuthenticateWrongUser" computerName="USER-PC" duration="00:00:00.0037760" startTime="2012-04-15T18:09:40.2910156+03:00" endTime="2012-04-15T18:09:40.2978515+03:00" testType="13cdc9d9-ddb5-4fa4-a97d-d965ccfc6d4b" outcome="Passed" testListId="8c84fa94-04c1-424b-9868-57a2d4851a1d" relativeResultsDirectory="3b183a13-1378-44bb-b2c4-f65b2e0364df">
    </UnitTestResult>
    <UnitTestResult executionId="640099cb-8dc8-41b8-8c29-1d3c58398147" testId="5d6d3e12-6330-faeb-6eaf-49c46c7c5cc3" testName="Buy_Book_Post_Ajax" computerName="USER-PC" duration="00:00:00.0317576" startTime="2012-04-15T18:09:40.2988281+03:00" endTime="2012-04-15T18:09:40.3330078+03:00" testType="13cdc9d9-ddb5-4fa4-a97d-d965ccfc6d4b" outcome="Passed" testListId="8c84fa94-04c1-424b-9868-57a2d4851a1d" relativeResultsDirectory="640099cb-8dc8-41b8-8c29-1d3c58398147">
    </UnitTestResult>
    <UnitTestResult executionId="76c3826d-dc74-430e-946e-f9d4e200ed83" testId="77fdac1b-c763-8f90-6c3b-43cb56011b55" testName="Buy_Book_Get" computerName="USER-PC" duration="00:00:00.0064847" startTime="2012-04-15T18:09:40.3349609+03:00" endTime="2012-04-15T18:09:40.3427734+03:00" testType="13cdc9d9-ddb5-4fa4-a97d-d965ccfc6d4b" outcome="Passed" testListId="8c84fa94-04c1-424b-9868-57a2d4851a1d" relativeResultsDirectory="76c3826d-dc74-430e-946e-f9d4e200ed83">
    </UnitTestResult>
    <UnitTestResult executionId="b2e0ce4a-76f3-4d37-bb22-8af9368dd041" testId="903e324b-8dcb-8f16-1024-8b204641844b" testName="Get_List_All_Books" computerName="USER-PC" duration="00:00:00.0137543" startTime="2012-04-15T18:09:40.3447265+03:00" endTime="2012-04-15T18:09:40.3603515+03:00" testType="13cdc9d9-ddb5-4fa4-a97d-d965ccfc6d4b" outcome="Passed" testListId="8c84fa94-04c1-424b-9868-57a2d4851a1d" relativeResultsDirectory="b2e0ce4a-76f3-4d37-bb22-8af9368dd041">
    </UnitTestResult>
    <UnitTestResult executionId="a6c76edf-8ace-492c-b541-9290562ff010" testId="9afbef2c-9075-d8ab-de84-d60944cf0375" testName="Buy_Book_Post_NotValidModelState" computerName="USER-PC" duration="00:00:00.0299500" startTime="2012-04-15T18:09:40.3613281+03:00" endTime="2012-04-15T18:09:40.3935546+03:00" testType="13cdc9d9-ddb5-4fa4-a97d-d965ccfc6d4b" outcome="Failed" testListId="8c84fa94-04c1-424b-9868-57a2d4851a1d" relativeResultsDirectory="a6c76edf-8ace-492c-b541-9290562ff010">
      <Output>
        <ErrorInfo>
          <Message>Assert.IsTrue failed. Инвалидная модель</Message>
          <StackTrace>   at BookShopTest.ControllerTests.Buy_Book_Post_NotValidModelState() in D:\PrgSource\BookShop\BookShopTests\ControllerTests.cs:line 90
</StackTrace>
        </ErrorInfo>
      </Output>
    </UnitTestResult>
    <UnitTestResult executionId="fb21679c-e419-432e-849c-4a3bcfa4c675" testId="a2d95e8f-1df3-aed0-7f85-2edca7bf90f2" testName="CanCreateUser" computerName="USER-PC" duration="00:00:00.0019597" startTime="2012-04-15T18:09:40.3955078+03:00" endTime="2012-04-15T18:09:40.3994140+03:00" testType="13cdc9d9-ddb5-4fa4-a97d-d965ccfc6d4b" outcome="Passed" testListId="8c84fa94-04c1-424b-9868-57a2d4851a1d" relativeResultsDirectory="fb21679c-e419-432e-849c-4a3bcfa4c675">
    </UnitTestResult>
    <UnitTestResult executionId="20e12344-52cd-449f-b2f3-642195452340" testId="beb558c1-5293-58e2-7022-991f39de1527" testName="CantCreateDuplicateUser" computerName="USER-PC" duration="00:00:00.0024306" startTime="2012-04-15T18:09:40.4013671+03:00" endTime="2012-04-15T18:09:40.4052734+03:00" testType="13cdc9d9-ddb5-4fa4-a97d-d965ccfc6d4b" outcome="Passed" testListId="8c84fa94-04c1-424b-9868-57a2d4851a1d" relativeResultsDirectory="20e12344-52cd-449f-b2f3-642195452340">
    </UnitTestResult>
    <UnitTestResult executionId="e3b47ec4-02c6-4448-b9a2-c58ca1926165" testId="c6212e60-baca-f748-d759-d8bc26fd522a" testName="CanAuthenticateUserAfterCreation" computerName="USER-PC" duration="00:00:00.0025725" startTime="2012-04-15T18:09:40.4072265+03:00" endTime="2012-04-15T18:09:40.4130859+03:00" testType="13cdc9d9-ddb5-4fa4-a97d-d965ccfc6d4b" outcome="Passed" testListId="8c84fa94-04c1-424b-9868-57a2d4851a1d" relativeResultsDirectory="e3b47ec4-02c6-4448-b9a2-c58ca1926165">
    </UnitTestResult>
    <UnitTestResult executionId="dc226ed6-7d38-4dfc-acad-5b0f4813fc61" testId="c9f717ed-c618-2aa9-7017-c76a8e5062f0" testName="CantCreateUserWithDuplicateEmail" computerName="USER-PC" duration="00:00:00.0031045" startTime="2012-04-15T18:09:40.4140625+03:00" endTime="2012-04-15T18:09:40.4189453+03:00" testType="13cdc9d9-ddb5-4fa4-a97d-d965ccfc6d4b" outcome="Passed" testListId="8c84fa94-04c1-424b-9868-57a2d4851a1d" relativeResultsDirectory="dc226ed6-7d38-4dfc-acad-5b0f4813fc61">
    </UnitTestResult>
    <UnitTestResult executionId="aecd339d-d7b9-441b-abcf-4f99b8e73be1" testId="e8064bab-6953-e2e4-47d3-52cddbfb38a9" testName="Buy_Book_Get_Ajax" computerName="USER-PC" duration="00:00:00.0088418" startTime="2012-04-15T18:09:40.4208984+03:00" endTime="2012-04-15T18:09:40.4316406+03:00" testType="13cdc9d9-ddb5-4fa4-a97d-d965ccfc6d4b" outcome="Passed" testListId="8c84fa94-04c1-424b-9868-57a2d4851a1d" relativeResultsDirectory="aecd339d-d7b9-441b-abcf-4f99b8e73be1">
    </UnitTestResult>
    <UnitTestResult executionId="90f5cf44-da1b-46d8-b37f-bc8fe935275b" testId="f7efcc7c-050b-e72e-cf9d-641c8a858b8d" testName="CantGetNotExistUserByName" computerName="USER-PC" duration="00:00:00.0041135" startTime="2012-04-15T18:09:40.4335937+03:00" endTime="2012-04-15T18:09:40.4394531+03:00" testType="13cdc9d9-ddb5-4fa4-a97d-d965ccfc6d4b" outcome="Passed" testListId="8c84fa94-04c1-424b-9868-57a2d4851a1d" relativeResultsDirectory="90f5cf44-da1b-46d8-b37f-bc8fe935275b">
    </UnitTestResult>
    <UnitTestResult executionId="048f8c68-8b97-4a4c-a360-ad015fc4ebef" testId="fdec48cd-c8b8-02be-7dbb-dbf931cee64b" testName="CanGetUserByName" computerName="USER-PC" duration="00:00:00.0036638" startTime="2012-04-15T18:09:40.4414062+03:00" endTime="2012-04-15T18:09:40.4472656+03:00" testType="13cdc9d9-ddb5-4fa4-a97d-d965ccfc6d4b" outcome="Passed" testListId="8c84fa94-04c1-424b-9868-57a2d4851a1d" relativeResultsDirectory="048f8c68-8b97-4a4c-a360-ad015fc4ebef">
    </UnitTestResult>
  </Results>
</TestRun>