<?xml version="1.0" encoding="UTF-8"?>
<TestRun id="8432c150-a236-48dc-85ed-25dc9d14524c" name="user@USER-PC 2012-04-15 18:05:04" runUser="user-PC\user" xmlns="http://microsoft.com/schemas/VisualStudio/TeamTest/2010">
  <TestSettings name="Local" id="cd4b7cfe-9bea-4788-86cd-336ecd64555a">
    <Description>These are default test settings for a local test run.</Description>
    <Deployment enabled="false" runDeploymentRoot="user_USER-PC 2012-04-15 18_05_04">
      <DeploymentItem filename="D:\PrgSource\BookShop\packages\Moq.4.0.10827\lib\NET40\Moq.dll" />
      <DeploymentItem filename="D:\PrgSource\BookShop\BookShopModel\bin\Debug\BookShopModel.dll" />
      <DeploymentItem filename="D:\PrgSource\BookShop\BookShopWeb\bin\BookShopWeb.dll" />
      <DeploymentItem filename="D:\PrgSource\BookShop\packages\EntityFramework.4.1.10331.0\lib\EntityFramework.dll" />
    </Deployment>
    <Execution>
      <TestTypeSpecific />
      <AgentRule name="Execution Agents">
      </AgentRule>
    </Execution>
  </TestSettings>
  <Times creation="2012-04-15T18:05:04.1718750+03:00" queuing="2012-04-15T18:05:04.2226562+03:00" start="2012-04-15T18:05:04.2314453+03:00" finish="2012-04-15T18:05:05.1386718+03:00" />
  <ResultSummary outcome="Failed">
    <Counters total="12" executed="12" passed="11" error="0" failed="1" timeout="0" aborted="0" inconclusive="0" passedButRunAborted="0" notRunnable="0" notExecuted="0" disconnected="0" warning="0" completed="0" inProgress="0" pending="0" />
  </ResultSummary>
  <TestDefinitions>
    <UnitTest name="CantAuthenticateWrongUser" storage="d:\prgsource\bookshop\bookshoptests\bin\debug\bookshoptests.dll" id="4ab8d7d9-bc75-8bfa-2444-6e5314dea175">
      <Execution id="c186d51d-6433-4588-9e67-16de94ed9d02" />
      <TestMethod codeBase="D:/PrgSource/BookShop/BookShopTests/bin/Debug/BookShopTests.DLL" adapterTypeName="Microsoft.VisualStudio.TestTools.TestTypes.Unit.UnitTestAdapter, Microsoft.VisualStudio.QualityTools.Tips.UnitTest.Adapter, Version=10.0.0.0, Culture=neutral, PublicKeyToken=b03f5f7f11d50a3a" className="BookShopTest.ModelTests, BookShopTests, Version=1.0.0.0, Culture=neutral, PublicKeyToken=null" name="CantAuthenticateWrongUser" />
    </UnitTest>
    <UnitTest name="Buy_Book_Post" storage="d:\prgsource\bookshop\bookshoptests\bin\debug\bookshoptests.dll" id="11cd435b-30b0-6a42-d3de-aa81f3dae489">
      <Execution id="1e62e850-4fe4-44f5-a623-d27cfe1dd83c" />
      <TestMethod codeBase="D:/PrgSource/BookShop/BookShopTests/bin/Debug/BookShopTests.DLL" adapterTypeName="Microsoft.VisualStudio.TestTools.TestTypes.Unit.UnitTestAdapter, Microsoft.VisualStudio.QualityTools.Tips.UnitTest.Adapter, Version=10.0.0.0, Culture=neutral, PublicKeyToken=b03f5f7f11d50a3a" className="BookShopTest.ControllerTests, BookShopTests, Version=1.0.0.0, Culture=neutral, PublicKeyToken=null" name="Buy_Book_Post" />
    </UnitTest>
    <UnitTest name="CanAuthenticateUserAfterCreation" storage="d:\prgsource\bookshop\bookshoptests\bin\debug\bookshoptests.dll" id="c6212e60-baca-f748-d759-d8bc26fd522a">
      <Execution id="138defed-25c8-46e0-a0e3-7881b2b0e16f" />
      <TestMethod codeBase="D:/PrgSource/BookShop/BookShopTests/bin/Debug/BookShopTests.DLL" adapterTypeName="Microsoft.VisualStudio.TestTools.TestTypes.Unit.UnitTestAdapter, Microsoft.VisualStudio.QualityTools.Tips.UnitTest.Adapter, Version=10.0.0.0, Culture=neutral, PublicKeyToken=b03f5f7f11d50a3a" className="BookShopTest.ModelTests, BookShopTests, Version=1.0.0.0, Culture=neutral, PublicKeyToken=null" name="CanAuthenticateUserAfterCreation" />
    </UnitTest>
    <UnitTest name="CanCreateUser" storage="d:\prgsource\bookshop\bookshoptests\bin\debug\bookshoptests.dll" id="a2d95e8f-1df3-aed0-7f85-2edca7bf90f2">
      <Execution id="9815d169-3e5d-44c7-a91e-2200b92b1b75" />
      <TestMethod codeBase="D:/PrgSource/BookShop/BookShopTests/bin/Debug/BookShopTests.DLL" adapterTypeName="Microsoft.VisualStudio.TestTools.TestTypes.Unit.UnitTestAdapter, Microsoft.VisualStudio.QualityTools.Tips.UnitTest.Adapter, Version=10.0.0.0, Culture=neutral, PublicKeyToken=b03f5f7f11d50a3a" className="BookShopTest.ModelTests, BookShopTests, Version=1.0.0.0, Culture=neutral, PublicKeyToken=null" name="CanCreateUser" />
    </UnitTest>
    <UnitTest name="Buy_Book_Get_Ajax" storage="d:\prgsource\bookshop\bookshoptests\bin\debug\bookshoptests.dll" id="e8064bab-6953-e2e4-47d3-52cddbfb38a9">
      <Execution id="ca9fd676-f947-4253-bc28-b3a6c056b4b6" />
      <TestMethod codeBase="D:/PrgSource/BookShop/BookShopTests/bin/Debug/BookShopTests.DLL" adapterTypeName="Microsoft.VisualStudio.TestTools.TestTypes.Unit.UnitTestAdapter, Microsoft.VisualStudio.QualityTools.Tips.UnitTest.Adapter, Version=10.0.0.0, Culture=neutral, PublicKeyToken=b03f5f7f11d50a3a" className="BookShopTest.ControllerTests, BookShopTests, Version=1.0.0.0, Culture=neutral, PublicKeyToken=null" name="Buy_Book_Get_Ajax" />
    </UnitTest>
    <UnitTest name="CantCreateUserWithDuplicateEmail" storage="d:\prgsource\bookshop\bookshoptests\bin\debug\bookshoptests.dll" id="c9f717ed-c618-2aa9-7017-c76a8e5062f0">
      <Execution id="ed7e2445-1c7a-43cb-bd4c-3d837836907f" />
      <TestMethod codeBase="D:/PrgSource/BookShop/BookShopTests/bin/Debug/BookShopTests.DLL" adapterTypeName="Microsoft.VisualStudio.TestTools.TestTypes.Unit.UnitTestAdapter, Microsoft.VisualStudio.QualityTools.Tips.UnitTest.Adapter, Version=10.0.0.0, Culture=neutral, PublicKeyToken=b03f5f7f11d50a3a" className="BookShopTest.ModelTests, BookShopTests, Version=1.0.0.0, Culture=neutral, PublicKeyToken=null" name="CantCreateUserWithDuplicateEmail" />
    </UnitTest>
    <UnitTest name="Buy_Book_Post_Ajax" storage="d:\prgsource\bookshop\bookshoptests\bin\debug\bookshoptests.dll" id="5d6d3e12-6330-faeb-6eaf-49c46c7c5cc3">
      <Execution id="c68189c7-3d02-49f0-be4a-79f288bc1f02" />
      <TestMethod codeBase="D:/PrgSource/BookShop/BookShopTests/bin/Debug/BookShopTests.DLL" adapterTypeName="Microsoft.VisualStudio.TestTools.TestTypes.Unit.UnitTestAdapter, Microsoft.VisualStudio.QualityTools.Tips.UnitTest.Adapter, Version=10.0.0.0, Culture=neutral, PublicKeyToken=b03f5f7f11d50a3a" className="BookShopTest.ControllerTests, BookShopTests, Version=1.0.0.0, Culture=neutral, PublicKeyToken=null" name="Buy_Book_Post_Ajax" />
    </UnitTest>
    <UnitTest name="CantCreateDuplicateUser" storage="d:\prgsource\bookshop\bookshoptests\bin\debug\bookshoptests.dll" id="beb558c1-5293-58e2-7022-991f39de1527">
      <Execution id="03a343e9-7c0c-48b4-9415-07d4ad11a306" />
      <TestMethod codeBase="D:/PrgSource/BookShop/BookShopTests/bin/Debug/BookShopTests.DLL" adapterTypeName="Microsoft.VisualStudio.TestTools.TestTypes.Unit.UnitTestAdapter, Microsoft.VisualStudio.QualityTools.Tips.UnitTest.Adapter, Version=10.0.0.0, Culture=neutral, PublicKeyToken=b03f5f7f11d50a3a" className="BookShopTest.ModelTests, BookShopTests, Version=1.0.0.0, Culture=neutral, PublicKeyToken=null" name="CantCreateDuplicateUser" />
    </UnitTest>
    <UnitTest name="CantGetNotExistUserByName" storage="d:\prgsource\bookshop\bookshoptests\bin\debug\bookshoptests.dll" id="f7efcc7c-050b-e72e-cf9d-641c8a858b8d">
      <Execution id="7f666ed6-d30a-48d5-8816-9de156beebe1" />
      <TestMethod codeBase="D:/PrgSource/BookShop/BookShopTests/bin/Debug/BookShopTests.DLL" adapterTypeName="Microsoft.VisualStudio.TestTools.TestTypes.Unit.UnitTestAdapter, Microsoft.VisualStudio.QualityTools.Tips.UnitTest.Adapter, Version=10.0.0.0, Culture=neutral, PublicKeyToken=b03f5f7f11d50a3a" className="BookShopTest.ModelTests, BookShopTests, Version=1.0.0.0, Culture=neutral, PublicKeyToken=null" name="CantGetNotExistUserByName" />
    </UnitTest>
    <UnitTest name="Buy_Book_Get" storage="d:\prgsource\bookshop\bookshoptests\bin\debug\bookshoptests.dll" id="77fdac1b-c763-8f90-6c3b-43cb56011b55">
      <Execution id="5eb4c2e2-d620-45fa-ac65-5d3011eead4a" />
      <TestMethod codeBase="D:/PrgSource/BookShop/BookShopTests/bin/Debug/BookShopTests.DLL" adapterTypeName="Microsoft.VisualStudio.TestTools.TestTypes.Unit.UnitTestAdapter, Microsoft.VisualStudio.QualityTools.Tips.UnitTest.Adapter, Version=10.0.0.0, Culture=neutral, PublicKeyToken=b03f5f7f11d50a3a" className="BookShopTest.ControllerTests, BookShopTests, Version=1.0.0.0, Culture=neutral, PublicKeyToken=null" name="Buy_Book_Get" />
    </UnitTest>
    <UnitTest name="Get_List_All_Books" storage="d:\prgsource\bookshop\bookshoptests\bin\debug\bookshoptests.dll" id="903e324b-8dcb-8f16-1024-8b204641844b">
      <Execution id="7c7d6c4b-38aa-429f-b814-fac5b3a93a51" />
      <TestMethod codeBase="D:/PrgSource/BookShop/BookShopTests/bin/Debug/BookShopTests.DLL" adapterTypeName="Microsoft.VisualStudio.TestTools.TestTypes.Unit.UnitTestAdapter, Microsoft.VisualStudio.QualityTools.Tips.UnitTest.Adapter, Version=10.0.0.0, Culture=neutral, PublicKeyToken=b03f5f7f11d50a3a" className="BookShopTest.ControllerTests, BookShopTests, Version=1.0.0.0, Culture=neutral, PublicKeyToken=null" name="Get_List_All_Books" />
    </UnitTest>
    <UnitTest name="CanGetUserByName" storage="d:\prgsource\bookshop\bookshoptests\bin\debug\bookshoptests.dll" id="fdec48cd-c8b8-02be-7dbb-dbf931cee64b">
      <Execution id="8768e652-e3a5-477c-b95b-4aaaa6590e79" />
      <TestMethod codeBase="D:/PrgSource/BookShop/BookShopTests/bin/Debug/BookShopTests.DLL" adapterTypeName="Microsoft.VisualStudio.TestTools.TestTypes.Unit.UnitTestAdapter, Microsoft.VisualStudio.QualityTools.Tips.UnitTest.Adapter, Version=10.0.0.0, Culture=neutral, PublicKeyToken=b03f5f7f11d50a3a" className="BookShopTest.ModelTests, BookShopTests, Version=1.0.0.0, Culture=neutral, PublicKeyToken=null" name="CanGetUserByName" />
    </UnitTest>
  </TestDefinitions>
  <TestLists>
    <TestList name="Results Not in a List" id="8c84fa94-04c1-424b-9868-57a2d4851a1d" />
    <TestList name="All Loaded Results" id="19431567-8539-422a-85d7-44ee4e166bda" />
  </TestLists>
  <TestEntries>
    <TestEntry testId="11cd435b-30b0-6a42-d3de-aa81f3dae489" executionId="1e62e850-4fe4-44f5-a623-d27cfe1dd83c" testListId="8c84fa94-04c1-424b-9868-57a2d4851a1d" />
    <TestEntry testId="4ab8d7d9-bc75-8bfa-2444-6e5314dea175" executionId="c186d51d-6433-4588-9e67-16de94ed9d02" testListId="8c84fa94-04c1-424b-9868-57a2d4851a1d" />
    <TestEntry testId="5d6d3e12-6330-faeb-6eaf-49c46c7c5cc3" executionId="c68189c7-3d02-49f0-be4a-79f288bc1f02" testListId="8c84fa94-04c1-424b-9868-57a2d4851a1d" />
    <TestEntry testId="77fdac1b-c763-8f90-6c3b-43cb56011b55" executionId="5eb4c2e2-d620-45fa-ac65-5d3011eead4a" testListId="8c84fa94-04c1-424b-9868-57a2d4851a1d" />
    <TestEntry testId="903e324b-8dcb-8f16-1024-8b204641844b" executionId="7c7d6c4b-38aa-429f-b814-fac5b3a93a51" testListId="8c84fa94-04c1-424b-9868-57a2d4851a1d" />
    <TestEntry testId="a2d95e8f-1df3-aed0-7f85-2edca7bf90f2" executionId="9815d169-3e5d-44c7-a91e-2200b92b1b75" testListId="8c84fa94-04c1-424b-9868-57a2d4851a1d" />
    <TestEntry testId="beb558c1-5293-58e2-7022-991f39de1527" executionId="03a343e9-7c0c-48b4-9415-07d4ad11a306" testListId="8c84fa94-04c1-424b-9868-57a2d4851a1d" />
    <TestEntry testId="c6212e60-baca-f748-d759-d8bc26fd522a" executionId="138defed-25c8-46e0-a0e3-7881b2b0e16f" testListId="8c84fa94-04c1-424b-9868-57a2d4851a1d" />
    <TestEntry testId="c9f717ed-c618-2aa9-7017-c76a8e5062f0" executionId="ed7e2445-1c7a-43cb-bd4c-3d837836907f" testListId="8c84fa94-04c1-424b-9868-57a2d4851a1d" />
    <TestEntry testId="e8064bab-6953-e2e4-47d3-52cddbfb38a9" executionId="ca9fd676-f947-4253-bc28-b3a6c056b4b6" testListId="8c84fa94-04c1-424b-9868-57a2d4851a1d" />
    <TestEntry testId="f7efcc7c-050b-e72e-cf9d-641c8a858b8d" executionId="7f666ed6-d30a-48d5-8816-9de156beebe1" testListId="8c84fa94-04c1-424b-9868-57a2d4851a1d" />
    <TestEntry testId="fdec48cd-c8b8-02be-7dbb-dbf931cee64b" executionId="8768e652-e3a5-477c-b95b-4aaaa6590e79" testListId="8c84fa94-04c1-424b-9868-57a2d4851a1d" />
  </TestEntries>
  <Results>
    <UnitTestResult executionId="1e62e850-4fe4-44f5-a623-d27cfe1dd83c" testId="11cd435b-30b0-6a42-d3de-aa81f3dae489" testName="Buy_Book_Post" computerName="USER-PC" duration="00:00:00.3428895" startTime="2012-04-15T18:05:04.2333984+03:00" endTime="2012-04-15T18:05:04.7500000+03:00" testType="13cdc9d9-ddb5-4fa4-a97d-d965ccfc6d4b" outcome="Passed" testListId="8c84fa94-04c1-424b-9868-57a2d4851a1d" relativeResultsDirectory="1e62e850-4fe4-44f5-a623-d27cfe1dd83c">
    </UnitTestResult>
    <UnitTestResult executionId="c186d51d-6433-4588-9e67-16de94ed9d02" testId="4ab8d7d9-bc75-8bfa-2444-6e5314dea175" testName="CantAuthenticateWrongUser" computerName="USER-PC" duration="00:00:00.0043822" startTime="2012-04-15T18:05:04.7519531+03:00" endTime="2012-04-15T18:05:04.7597656+03:00" testType="13cdc9d9-ddb5-4fa4-a97d-d965ccfc6d4b" outcome="Passed" testListId="8c84fa94-04c1-424b-9868-57a2d4851a1d" relativeResultsDirectory="c186d51d-6433-4588-9e67-16de94ed9d02">
    </UnitTestResult>
    <UnitTestResult executionId="c68189c7-3d02-49f0-be4a-79f288bc1f02" testId="5d6d3e12-6330-faeb-6eaf-49c46c7c5cc3" testName="Buy_Book_Post_Ajax" computerName="USER-PC" duration="00:00:00.0456831" startTime="2012-04-15T18:05:04.7617187+03:00" endTime="2012-04-15T18:05:04.8095703+03:00" testType="13cdc9d9-ddb5-4fa4-a97d-d965ccfc6d4b" outcome="Failed" testListId="8c84fa94-04c1-424b-9868-57a2d4851a1d" relativeResultsDirectory="c68189c7-3d02-49f0-be4a-79f288bc1f02">
      <Output>
        <ErrorInfo>
          <Message>Assert.IsTrue failed. Неправильный тип ViewResult</Message>
          <StackTrace>   at BookShopTest.ControllerTests.Buy_Book_Post_Ajax() in D:\PrgSource\BookShop\BookShopTests\ControllerTests.cs:line 74
</StackTrace>
        </ErrorInfo>
      </Output>
    </UnitTestResult>
    <UnitTestResult executionId="5eb4c2e2-d620-45fa-ac65-5d3011eead4a" testId="77fdac1b-c763-8f90-6c3b-43cb56011b55" testName="Buy_Book_Get" computerName="USER-PC" duration="00:00:00.0064012" startTime="2012-04-15T18:05:04.8105468+03:00" endTime="2012-04-15T18:05:04.8193359+03:00" testType="13cdc9d9-ddb5-4fa4-a97d-d965ccfc6d4b" outcome="Passed" testListId="8c84fa94-04c1-424b-9868-57a2d4851a1d" relativeResultsDirectory="5eb4c2e2-d620-45fa-ac65-5d3011eead4a">
    </UnitTestResult>
    <UnitTestResult executionId="7c7d6c4b-38aa-429f-b814-fac5b3a93a51" testId="903e324b-8dcb-8f16-1024-8b204641844b" testName="Get_List_All_Books" computerName="USER-PC" duration="00:00:00.0206337" startTime="2012-04-15T18:05:04.8212890+03:00" endTime="2012-04-15T18:05:04.8437500+03:00" testType="13cdc9d9-ddb5-4fa4-a97d-d965ccfc6d4b" outcome="Passed" testListId="8c84fa94-04c1-424b-9868-57a2d4851a1d" relativeResultsDirectory="7c7d6c4b-38aa-429f-b814-fac5b3a93a51">
    </UnitTestResult>
    <UnitTestResult executionId="9815d169-3e5d-44c7-a91e-2200b92b1b75" testId="a2d95e8f-1df3-aed0-7f85-2edca7bf90f2" testName="CanCreateUser" computerName="USER-PC" duration="00:00:00.0020952" startTime="2012-04-15T18:05:04.8457031+03:00" endTime="2012-04-15T18:05:04.8505859+03:00" testType="13cdc9d9-ddb5-4fa4-a97d-d965ccfc6d4b" outcome="Passed" testListId="8c84fa94-04c1-424b-9868-57a2d4851a1d" relativeResultsDirectory="9815d169-3e5d-44c7-a91e-2200b92b1b75">
    </UnitTestResult>
    <UnitTestResult executionId="03a343e9-7c0c-48b4-9415-07d4ad11a306" testId="beb558c1-5293-58e2-7022-991f39de1527" testName="CantCreateDuplicateUser" computerName="USER-PC" duration="00:00:00.0024194" startTime="2012-04-15T18:05:04.8515625+03:00" endTime="2012-04-15T18:05:04.8564453+03:00" testType="13cdc9d9-ddb5-4fa4-a97d-d965ccfc6d4b" outcome="Passed" testListId="8c84fa94-04c1-424b-9868-57a2d4851a1d" relativeResultsDirectory="03a343e9-7c0c-48b4-9415-07d4ad11a306">
    </UnitTestResult>
    <UnitTestResult executionId="138defed-25c8-46e0-a0e3-7881b2b0e16f" testId="c6212e60-baca-f748-d759-d8bc26fd522a" testName="CanAuthenticateUserAfterCreation" computerName="USER-PC" duration="00:00:00.0026354" startTime="2012-04-15T18:05:04.8574218+03:00" endTime="2012-04-15T18:05:04.8623046+03:00" testType="13cdc9d9-ddb5-4fa4-a97d-d965ccfc6d4b" outcome="Passed" testListId="8c84fa94-04c1-424b-9868-57a2d4851a1d" relativeResultsDirectory="138defed-25c8-46e0-a0e3-7881b2b0e16f">
    </UnitTestResult>
    <UnitTestResult executionId="ed7e2445-1c7a-43cb-bd4c-3d837836907f" testId="c9f717ed-c618-2aa9-7017-c76a8e5062f0" testName="CantCreateUserWithDuplicateEmail" computerName="USER-PC" duration="00:00:00.0030874" startTime="2012-04-15T18:05:04.8642578+03:00" endTime="2012-04-15T18:05:04.8691406+03:00" testType="13cdc9d9-ddb5-4fa4-a97d-d965ccfc6d4b" outcome="Passed" testListId="8c84fa94-04c1-424b-9868-57a2d4851a1d" relativeResultsDirectory="ed7e2445-1c7a-43cb-bd4c-3d837836907f">
    </UnitTestResult>
    <UnitTestResult executionId="ca9fd676-f947-4253-bc28-b3a6c056b4b6" testId="e8064bab-6953-e2e4-47d3-52cddbfb38a9" testName="Buy_Book_Get_Ajax" computerName="USER-PC" duration="00:00:00.0087608" startTime="2012-04-15T18:05:04.8701171+03:00" endTime="2012-04-15T18:05:04.8808593+03:00" testType="13cdc9d9-ddb5-4fa4-a97d-d965ccfc6d4b" outcome="Passed" testListId="8c84fa94-04c1-424b-9868-57a2d4851a1d" relativeResultsDirectory="ca9fd676-f947-4253-bc28-b3a6c056b4b6">
    </UnitTestResult>
    <UnitTestResult executionId="7f666ed6-d30a-48d5-8816-9de156beebe1" testId="f7efcc7c-050b-e72e-cf9d-641c8a858b8d" testName="CantGetNotExistUserByName" computerName="USER-PC" duration="00:00:00.0037189" startTime="2012-04-15T18:05:04.8828125+03:00" endTime="2012-04-15T18:05:04.8886718+03:00" testType="13cdc9d9-ddb5-4fa4-a97d-d965ccfc6d4b" outcome="Passed" testListId="8c84fa94-04c1-424b-9868-57a2d4851a1d" relativeResultsDirectory="7f666ed6-d30a-48d5-8816-9de156beebe1">
    </UnitTestResult>
    <UnitTestResult executionId="8768e652-e3a5-477c-b95b-4aaaa6590e79" testId="fdec48cd-c8b8-02be-7dbb-dbf931cee64b" testName="CanGetUserByName" computerName="USER-PC" duration="00:00:00.0040141" startTime="2012-04-15T18:05:04.8896484+03:00" endTime="2012-04-15T18:05:04.8955078+03:00" testType="13cdc9d9-ddb5-4fa4-a97d-d965ccfc6d4b" outcome="Passed" testListId="8c84fa94-04c1-424b-9868-57a2d4851a1d" relativeResultsDirectory="8768e652-e3a5-477c-b95b-4aaaa6590e79">
    </UnitTestResult>
  </Results>
</TestRun>