<?xml version="1.0" encoding="UTF-8"?>
<TestRun id="3c9d15f7-2acb-4337-b8bd-4937efbe521d" name="user@USER-PC 2012-04-15 18:11:13" runUser="user-PC\user" xmlns="http://microsoft.com/schemas/VisualStudio/TeamTest/2010">
  <TestSettings name="Local" id="cd4b7cfe-9bea-4788-86cd-336ecd64555a">
    <Description>These are default test settings for a local test run.</Description>
    <Deployment enabled="false" runDeploymentRoot="user_USER-PC 2012-04-15 18_11_13">
      <DeploymentItem filename="D:\PrgSource\BookShop\packages\Moq.4.0.10827\lib\NET40\Moq.dll" />
      <DeploymentItem filename="D:\PrgSource\BookShop\BookShopModel\bin\Debug\BookShopModel.dll" />
      <DeploymentItem filename="D:\PrgSource\BookShop\BookShopWeb\bin\BookShopWeb.dll" />
      <DeploymentItem filename="D:\PrgSource\BookShop\packages\EntityFramework.4.1.10331.0\lib\EntityFramework.dll" />
    </Deployment>
    <Execution>
      <TestTypeSpecific />
      <AgentRule name="Execution Agents">
      </AgentRule>
    </Execution>
  </TestSettings>
  <Times creation="2012-04-15T18:11:13.3437500+03:00" queuing="2012-04-15T18:11:13.3857421+03:00" start="2012-04-15T18:11:13.3984375+03:00" finish="2012-04-15T18:11:14.1406250+03:00" />
  <ResultSummary outcome="Completed">
    <Counters total="14" executed="14" passed="14" error="0" failed="0" timeout="0" aborted="0" inconclusive="0" passedButRunAborted="0" notRunnable="0" notExecuted="0" disconnected="0" warning="0" completed="0" inProgress="0" pending="0" />
  </ResultSummary>
  <TestDefinitions>
    <UnitTest name="Buy_Book_Post_Ajax_NotValidModelState" storage="d:\prgsource\bookshop\bookshoptests\bin\debug\bookshoptests.dll" id="8f52bb72-34f2-df9c-d996-651a5a564d65">
      <Execution id="99446d96-99ff-4e21-8f9c-53e662d37b2f" />
      <TestMethod codeBase="D:/PrgSource/BookShop/BookShopTests/bin/Debug/BookShopTests.DLL" adapterTypeName="Microsoft.VisualStudio.TestTools.TestTypes.Unit.UnitTestAdapter, Microsoft.VisualStudio.QualityTools.Tips.UnitTest.Adapter, Version=10.0.0.0, Culture=neutral, PublicKeyToken=b03f5f7f11d50a3a" className="BookShopTest.ControllerTests, BookShopTests, Version=1.0.0.0, Culture=neutral, PublicKeyToken=null" name="Buy_Book_Post_Ajax_NotValidModelState" />
    </UnitTest>
    <UnitTest name="Buy_Book_Post" storage="d:\prgsource\bookshop\bookshoptests\bin\debug\bookshoptests.dll" id="11cd435b-30b0-6a42-d3de-aa81f3dae489">
      <Execution id="808e3dde-a3f5-4dae-b935-1afae2d6b1ce" />
      <TestMethod codeBase="D:/PrgSource/BookShop/BookShopTests/bin/Debug/BookShopTests.DLL" adapterTypeName="Microsoft.VisualStudio.TestTools.TestTypes.Unit.UnitTestAdapter, Microsoft.VisualStudio.QualityTools.Tips.UnitTest.Adapter, Version=10.0.0.0, Culture=neutral, PublicKeyToken=b03f5f7f11d50a3a" className="BookShopTest.ControllerTests, BookShopTests, Version=1.0.0.0, Culture=neutral, PublicKeyToken=null" name="Buy_Book_Post" />
    </UnitTest>
    <UnitTest name="Get_List_All_Books" storage="d:\prgsource\bookshop\bookshoptests\bin\debug\bookshoptests.dll" id="903e324b-8dcb-8f16-1024-8b204641844b">
      <Execution id="340b6265-e50e-46ee-866d-9044ffcab40e" />
      <TestMethod codeBase="D:/PrgSource/BookShop/BookShopTests/bin/Debug/BookShopTests.DLL" adapterTypeName="Microsoft.VisualStudio.TestTools.TestTypes.Unit.UnitTestAdapter, Microsoft.VisualStudio.QualityTools.Tips.UnitTest.Adapter, Version=10.0.0.0, Culture=neutral, PublicKeyToken=b03f5f7f11d50a3a" className="BookShopTest.ControllerTests, BookShopTests, Version=1.0.0.0, Culture=neutral, PublicKeyToken=null" name="Get_List_All_Books" />
    </UnitTest>
    <UnitTest name="CantCreateDuplicateUser" storage="d:\prgsource\bookshop\bookshoptests\bin\debug\bookshoptests.dll" id="beb558c1-5293-58e2-7022-991f39de1527">
      <Execution id="1bfe937a-867b-4181-b29e-e51529fc8819" />
      <TestMethod codeBase="D:/PrgSource/BookShop/BookShopTests/bin/Debug/BookShopTests.DLL" adapterTypeName="Microsoft.VisualStudio.TestTools.TestTypes.Unit.UnitTestAdapter, Microsoft.VisualStudio.QualityTools.Tips.UnitTest.Adapter, Version=10.0.0.0, Culture=neutral, PublicKeyToken=b03f5f7f11d50a3a" className="BookShopTest.ModelTests, BookShopTests, Version=1.0.0.0, Culture=neutral, PublicKeyToken=null" name="CantCreateDuplicateUser" />
    </UnitTest>
    <UnitTest name="Buy_Book_Get" storage="d:\prgsource\bookshop\bookshoptests\bin\debug\bookshoptests.dll" id="77fdac1b-c763-8f90-6c3b-43cb56011b55">
      <Execution id="0e19e834-0c57-46a1-911e-e2c65ce588b8" />
      <TestMethod codeBase="D:/PrgSource/BookShop/BookShopTests/bin/Debug/BookShopTests.DLL" adapterTypeName="Microsoft.VisualStudio.TestTools.TestTypes.Unit.UnitTestAdapter, Microsoft.VisualStudio.QualityTools.Tips.UnitTest.Adapter, Version=10.0.0.0, Culture=neutral, PublicKeyToken=b03f5f7f11d50a3a" className="BookShopTest.ControllerTests, BookShopTests, Version=1.0.0.0, Culture=neutral, PublicKeyToken=null" name="Buy_Book_Get" />
    </UnitTest>
    <UnitTest name="Buy_Book_Get_Ajax" storage="d:\prgsource\bookshop\bookshoptests\bin\debug\bookshoptests.dll" id="e8064bab-6953-e2e4-47d3-52cddbfb38a9">
      <Execution id="64506238-a6d8-475a-9d34-bb102f3450b0" />
      <TestMethod codeBase="D:/PrgSource/BookShop/BookShopTests/bin/Debug/BookShopTests.DLL" adapterTypeName="Microsoft.VisualStudio.TestTools.TestTypes.Unit.UnitTestAdapter, Microsoft.VisualStudio.QualityTools.Tips.UnitTest.Adapter, Version=10.0.0.0, Culture=neutral, PublicKeyToken=b03f5f7f11d50a3a" className="BookShopTest.ControllerTests, BookShopTests, Version=1.0.0.0, Culture=neutral, PublicKeyToken=null" name="Buy_Book_Get_Ajax" />
    </UnitTest>
    <UnitTest name="CantGetNotExistUserByName" storage="d:\prgsource\bookshop\bookshoptests\bin\debug\bookshoptests.dll" id="f7efcc7c-050b-e72e-cf9d-641c8a858b8d">
      <Execution id="2270263c-9672-4e85-b1f9-70f669713f5d" />
      <TestMethod codeBase="D:/PrgSource/BookShop/BookShopTests/bin/Debug/BookShopTests.DLL" adapterTypeName="Microsoft.VisualStudio.TestTools.TestTypes.Unit.UnitTestAdapter, Microsoft.VisualStudio.QualityTools.Tips.UnitTest.Adapter, Version=10.0.0.0, Culture=neutral, PublicKeyToken=b03f5f7f11d50a3a" className="BookShopTest.ModelTests, BookShopTests, Version=1.0.0.0, Culture=neutral, PublicKeyToken=null" name="CantGetNotExistUserByName" />
    </UnitTest>
    <UnitTest name="CantCreateUserWithDuplicateEmail" storage="d:\prgsource\bookshop\bookshoptests\bin\debug\bookshoptests.dll" id="c9f717ed-c618-2aa9-7017-c76a8e5062f0">
      <Execution id="69887f64-af25-432e-bc8e-fd6a3b267d18" />
      <TestMethod codeBase="D:/PrgSource/BookShop/BookShopTests/bin/Debug/BookShopTests.DLL" adapterTypeName="Microsoft.VisualStudio.TestTools.TestTypes.Unit.UnitTestAdapter, Microsoft.VisualStudio.QualityTools.Tips.UnitTest.Adapter, Version=10.0.0.0, Culture=neutral, PublicKeyToken=b03f5f7f11d50a3a" className="BookShopTest.ModelTests, BookShopTests, Version=1.0.0.0, Culture=neutral, PublicKeyToken=null" name="CantCreateUserWithDuplicateEmail" />
    </UnitTest>
    <UnitTest name="Buy_Book_Post_NotValidModelState" storage="d:\prgsource\bookshop\bookshoptests\bin\debug\bookshoptests.dll" id="9afbef2c-9075-d8ab-de84-d60944cf0375">
      <Execution id="6a84e498-6ae4-4e44-8c71-ff55298478bc" />
      <TestMethod codeBase="D:/PrgSource/BookShop/BookShopTests/bin/Debug/BookShopTests.DLL" adapterTypeName="Microsoft.VisualStudio.TestTools.TestTypes.Unit.UnitTestAdapter, Microsoft.VisualStudio.QualityTools.Tips.UnitTest.Adapter, Version=10.0.0.0, Culture=neutral, PublicKeyToken=b03f5f7f11d50a3a" className="BookShopTest.ControllerTests, BookShopTests, Version=1.0.0.0, Culture=neutral, PublicKeyToken=null" name="Buy_Book_Post_NotValidModelState" />
    </UnitTest>
    <UnitTest name="Buy_Book_Post_Ajax" storage="d:\prgsource\bookshop\bookshoptests\bin\debug\bookshoptests.dll" id="5d6d3e12-6330-faeb-6eaf-49c46c7c5cc3">
      <Execution id="9e72bfe1-d4f9-4569-9f7b-13ad2ab51dfc" />
      <TestMethod codeBase="D:/PrgSource/BookShop/BookShopTests/bin/Debug/BookShopTests.DLL" adapterTypeName="Microsoft.VisualStudio.TestTools.TestTypes.Unit.UnitTestAdapter, Microsoft.VisualStudio.QualityTools.Tips.UnitTest.Adapter, Version=10.0.0.0, Culture=neutral, PublicKeyToken=b03f5f7f11d50a3a" className="BookShopTest.ControllerTests, BookShopTests, Version=1.0.0.0, Culture=neutral, PublicKeyToken=null" name="Buy_Book_Post_Ajax" />
    </UnitTest>
    <UnitTest name="CanAuthenticateUserAfterCreation" storage="d:\prgsource\bookshop\bookshoptests\bin\debug\bookshoptests.dll" id="c6212e60-baca-f748-d759-d8bc26fd522a">
      <Execution id="36ab2f38-3a32-4b5f-b3eb-a9d94738f211" />
      <TestMethod codeBase="D:/PrgSource/BookShop/BookShopTests/bin/Debug/BookShopTests.DLL" adapterTypeName="Microsoft.VisualStudio.TestTools.TestTypes.Unit.UnitTestAdapter, Microsoft.VisualStudio.QualityTools.Tips.UnitTest.Adapter, Version=10.0.0.0, Culture=neutral, PublicKeyToken=b03f5f7f11d50a3a" className="BookShopTest.ModelTests, BookShopTests, Version=1.0.0.0, Culture=neutral, PublicKeyToken=null" name="CanAuthenticateUserAfterCreation" />
    </UnitTest>
    <UnitTest name="CanGetUserByName" storage="d:\prgsource\bookshop\bookshoptests\bin\debug\bookshoptests.dll" id="fdec48cd-c8b8-02be-7dbb-dbf931cee64b">
      <Execution id="0be44081-5db1-4dd8-951f-24da037c813d" />
      <TestMethod codeBase="D:/PrgSource/BookShop/BookShopTests/bin/Debug/BookShopTests.DLL" adapterTypeName="Microsoft.VisualStudio.TestTools.TestTypes.Unit.UnitTestAdapter, Microsoft.VisualStudio.QualityTools.Tips.UnitTest.Adapter, Version=10.0.0.0, Culture=neutral, PublicKeyToken=b03f5f7f11d50a3a" className="BookShopTest.ModelTests, BookShopTests, Version=1.0.0.0, Culture=neutral, PublicKeyToken=null" name="CanGetUserByName" />
    </UnitTest>
    <UnitTest name="CantAuthenticateWrongUser" storage="d:\prgsource\bookshop\bookshoptests\bin\debug\bookshoptests.dll" id="4ab8d7d9-bc75-8bfa-2444-6e5314dea175">
      <Execution id="b3fc923e-d924-4355-b2e7-771302e90625" />
      <TestMethod codeBase="D:/PrgSource/BookShop/BookShopTests/bin/Debug/BookShopTests.DLL" adapterTypeName="Microsoft.VisualStudio.TestTools.TestTypes.Unit.UnitTestAdapter, Microsoft.VisualStudio.QualityTools.Tips.UnitTest.Adapter, Version=10.0.0.0, Culture=neutral, PublicKeyToken=b03f5f7f11d50a3a" className="BookShopTest.ModelTests, BookShopTests, Version=1.0.0.0, Culture=neutral, PublicKeyToken=null" name="CantAuthenticateWrongUser" />
    </UnitTest>
    <UnitTest name="CanCreateUser" storage="d:\prgsource\bookshop\bookshoptests\bin\debug\bookshoptests.dll" id="a2d95e8f-1df3-aed0-7f85-2edca7bf90f2">
      <Execution id="9039613a-c73f-4c45-aadb-0b68296d5a17" />
      <TestMethod codeBase="D:/PrgSource/BookShop/BookShopTests/bin/Debug/BookShopTests.DLL" adapterTypeName="Microsoft.VisualStudio.TestTools.TestTypes.Unit.UnitTestAdapter, Microsoft.VisualStudio.QualityTools.Tips.UnitTest.Adapter, Version=10.0.0.0, Culture=neutral, PublicKeyToken=b03f5f7f11d50a3a" className="BookShopTest.ModelTests, BookShopTests, Version=1.0.0.0, Culture=neutral, PublicKeyToken=null" name="CanCreateUser" />
    </UnitTest>
  </TestDefinitions>
  <TestLists>
    <TestList name="Results Not in a List" id="8c84fa94-04c1-424b-9868-57a2d4851a1d" />
    <TestList name="All Loaded Results" id="19431567-8539-422a-85d7-44ee4e166bda" />
  </TestLists>
  <TestEntries>
    <TestEntry testId="11cd435b-30b0-6a42-d3de-aa81f3dae489" executionId="808e3dde-a3f5-4dae-b935-1afae2d6b1ce" testListId="8c84fa94-04c1-424b-9868-57a2d4851a1d" />
    <TestEntry testId="4ab8d7d9-bc75-8bfa-2444-6e5314dea175" executionId="b3fc923e-d924-4355-b2e7-771302e90625" testListId="8c84fa94-04c1-424b-9868-57a2d4851a1d" />
    <TestEntry testId="5d6d3e12-6330-faeb-6eaf-49c46c7c5cc3" executionId="9e72bfe1-d4f9-4569-9f7b-13ad2ab51dfc" testListId="8c84fa94-04c1-424b-9868-57a2d4851a1d" />
    <TestEntry testId="77fdac1b-c763-8f90-6c3b-43cb56011b55" executionId="0e19e834-0c57-46a1-911e-e2c65ce588b8" testListId="8c84fa94-04c1-424b-9868-57a2d4851a1d" />
    <TestEntry testId="8f52bb72-34f2-df9c-d996-651a5a564d65" executionId="99446d96-99ff-4e21-8f9c-53e662d37b2f" testListId="8c84fa94-04c1-424b-9868-57a2d4851a1d" />
    <TestEntry testId="903e324b-8dcb-8f16-1024-8b204641844b" executionId="340b6265-e50e-46ee-866d-9044ffcab40e" testListId="8c84fa94-04c1-424b-9868-57a2d4851a1d" />
    <TestEntry testId="9afbef2c-9075-d8ab-de84-d60944cf0375" executionId="6a84e498-6ae4-4e44-8c71-ff55298478bc" testListId="8c84fa94-04c1-424b-9868-57a2d4851a1d" />
    <TestEntry testId="a2d95e8f-1df3-aed0-7f85-2edca7bf90f2" executionId="9039613a-c73f-4c45-aadb-0b68296d5a17" testListId="8c84fa94-04c1-424b-9868-57a2d4851a1d" />
    <TestEntry testId="beb558c1-5293-58e2-7022-991f39de1527" executionId="1bfe937a-867b-4181-b29e-e51529fc8819" testListId="8c84fa94-04c1-424b-9868-57a2d4851a1d" />
    <TestEntry testId="c6212e60-baca-f748-d759-d8bc26fd522a" executionId="36ab2f38-3a32-4b5f-b3eb-a9d94738f211" testListId="8c84fa94-04c1-424b-9868-57a2d4851a1d" />
    <TestEntry testId="c9f717ed-c618-2aa9-7017-c76a8e5062f0" executionId="69887f64-af25-432e-bc8e-fd6a3b267d18" testListId="8c84fa94-04c1-424b-9868-57a2d4851a1d" />
    <TestEntry testId="e8064bab-6953-e2e4-47d3-52cddbfb38a9" executionId="64506238-a6d8-475a-9d34-bb102f3450b0" testListId="8c84fa94-04c1-424b-9868-57a2d4851a1d" />
    <TestEntry testId="f7efcc7c-050b-e72e-cf9d-641c8a858b8d" executionId="2270263c-9672-4e85-b1f9-70f669713f5d" testListId="8c84fa94-04c1-424b-9868-57a2d4851a1d" />
    <TestEntry testId="fdec48cd-c8b8-02be-7dbb-dbf931cee64b" executionId="0be44081-5db1-4dd8-951f-24da037c813d" testListId="8c84fa94-04c1-424b-9868-57a2d4851a1d" />
  </TestEntries>
  <Results>
    <UnitTestResult executionId="808e3dde-a3f5-4dae-b935-1afae2d6b1ce" testId="11cd435b-30b0-6a42-d3de-aa81f3dae489" testName="Buy_Book_Post" computerName="USER-PC" duration="00:00:00.3512426" startTime="2012-04-15T18:11:13.4003906+03:00" endTime="2012-04-15T18:11:13.9199218+03:00" testType="13cdc9d9-ddb5-4fa4-a97d-d965ccfc6d4b" outcome="Passed" testListId="8c84fa94-04c1-424b-9868-57a2d4851a1d" relativeResultsDirectory="808e3dde-a3f5-4dae-b935-1afae2d6b1ce">
    </UnitTestResult>
    <UnitTestResult executionId="b3fc923e-d924-4355-b2e7-771302e90625" testId="4ab8d7d9-bc75-8bfa-2444-6e5314dea175" testName="CantAuthenticateWrongUser" computerName="USER-PC" duration="00:00:00.0039078" startTime="2012-04-15T18:11:13.9218750+03:00" endTime="2012-04-15T18:11:13.9287109+03:00" testType="13cdc9d9-ddb5-4fa4-a97d-d965ccfc6d4b" outcome="Passed" testListId="8c84fa94-04c1-424b-9868-57a2d4851a1d" relativeResultsDirectory="b3fc923e-d924-4355-b2e7-771302e90625">
    </UnitTestResult>
    <UnitTestResult executionId="9e72bfe1-d4f9-4569-9f7b-13ad2ab51dfc" testId="5d6d3e12-6330-faeb-6eaf-49c46c7c5cc3" testName="Buy_Book_Post_Ajax" computerName="USER-PC" duration="00:00:00.0316522" startTime="2012-04-15T18:11:13.9296875+03:00" endTime="2012-04-15T18:11:13.9638671+03:00" testType="13cdc9d9-ddb5-4fa4-a97d-d965ccfc6d4b" outcome="Passed" testListId="8c84fa94-04c1-424b-9868-57a2d4851a1d" relativeResultsDirectory="9e72bfe1-d4f9-4569-9f7b-13ad2ab51dfc">
    </UnitTestResult>
    <UnitTestResult executionId="0e19e834-0c57-46a1-911e-e2c65ce588b8" testId="77fdac1b-c763-8f90-6c3b-43cb56011b55" testName="Buy_Book_Get" computerName="USER-PC" duration="00:00:00.0066346" startTime="2012-04-15T18:11:13.9658203+03:00" endTime="2012-04-15T18:11:13.9746093+03:00" testType="13cdc9d9-ddb5-4fa4-a97d-d965ccfc6d4b" outcome="Passed" testListId="8c84fa94-04c1-424b-9868-57a2d4851a1d" relativeResultsDirectory="0e19e834-0c57-46a1-911e-e2c65ce588b8">
    </UnitTestResult>
    <UnitTestResult executionId="99446d96-99ff-4e21-8f9c-53e662d37b2f" testId="8f52bb72-34f2-df9c-d996-651a5a564d65" testName="Buy_Book_Post_Ajax_NotValidModelState" computerName="USER-PC" duration="00:00:00.0165260" startTime="2012-04-15T18:11:13.9755859+03:00" endTime="2012-04-15T18:11:13.9951171+03:00" testType="13cdc9d9-ddb5-4fa4-a97d-d965ccfc6d4b" outcome="Passed" testListId="8c84fa94-04c1-424b-9868-57a2d4851a1d" relativeResultsDirectory="99446d96-99ff-4e21-8f9c-53e662d37b2f">
    </UnitTestResult>
    <UnitTestResult executionId="340b6265-e50e-46ee-866d-9044ffcab40e" testId="903e324b-8dcb-8f16-1024-8b204641844b" testName="Get_List_All_Books" computerName="USER-PC" duration="00:00:00.0151006" startTime="2012-04-15T18:11:13.9960937+03:00" endTime="2012-04-15T18:11:14.0136718+03:00" testType="13cdc9d9-ddb5-4fa4-a97d-d965ccfc6d4b" outcome="Passed" testListId="8c84fa94-04c1-424b-9868-57a2d4851a1d" relativeResultsDirectory="340b6265-e50e-46ee-866d-9044ffcab40e">
    </UnitTestResult>
    <UnitTestResult executionId="6a84e498-6ae4-4e44-8c71-ff55298478bc" testId="9afbef2c-9075-d8ab-de84-d60944cf0375" testName="Buy_Book_Post_NotValidModelState" computerName="USER-PC" duration="00:00:00.0090532" startTime="2012-04-15T18:11:14.0156250+03:00" endTime="2012-04-15T18:11:14.0273437+03:00" testType="13cdc9d9-ddb5-4fa4-a97d-d965ccfc6d4b" outcome="Passed" testListId="8c84fa94-04c1-424b-9868-57a2d4851a1d" relativeResultsDirectory="6a84e498-6ae4-4e44-8c71-ff55298478bc">
    </UnitTestResult>
    <UnitTestResult executionId="9039613a-c73f-4c45-aadb-0b68296d5a17" testId="a2d95e8f-1df3-aed0-7f85-2edca7bf90f2" testName="CanCreateUser" computerName="USER-PC" duration="00:00:00.0021180" startTime="2012-04-15T18:11:14.0283203+03:00" endTime="2012-04-15T18:11:14.0332031+03:00" testType="13cdc9d9-ddb5-4fa4-a97d-d965ccfc6d4b" outcome="Passed" testListId="8c84fa94-04c1-424b-9868-57a2d4851a1d" relativeResultsDirectory="9039613a-c73f-4c45-aadb-0b68296d5a17">
    </UnitTestResult>
    <UnitTestResult executionId="1bfe937a-867b-4181-b29e-e51529fc8819" testId="beb558c1-5293-58e2-7022-991f39de1527" testName="CantCreateDuplicateUser" computerName="USER-PC" duration="00:00:00.0024444" startTime="2012-04-15T18:11:14.0341796+03:00" endTime="2012-04-15T18:11:14.0390625+03:00" testType="13cdc9d9-ddb5-4fa4-a97d-d965ccfc6d4b" outcome="Passed" testListId="8c84fa94-04c1-424b-9868-57a2d4851a1d" relativeResultsDirectory="1bfe937a-867b-4181-b29e-e51529fc8819">
    </UnitTestResult>
    <UnitTestResult executionId="36ab2f38-3a32-4b5f-b3eb-a9d94738f211" testId="c6212e60-baca-f748-d759-d8bc26fd522a" testName="CanAuthenticateUserAfterCreation" computerName="USER-PC" duration="00:00:00.0027966" startTime="2012-04-15T18:11:14.0400390+03:00" endTime="2012-04-15T18:11:14.0458984+03:00" testType="13cdc9d9-ddb5-4fa4-a97d-d965ccfc6d4b" outcome="Passed" testListId="8c84fa94-04c1-424b-9868-57a2d4851a1d" relativeResultsDirectory="36ab2f38-3a32-4b5f-b3eb-a9d94738f211">
    </UnitTestResult>
    <UnitTestResult executionId="69887f64-af25-432e-bc8e-fd6a3b267d18" testId="c9f717ed-c618-2aa9-7017-c76a8e5062f0" testName="CantCreateUserWithDuplicateEmail" computerName="USER-PC" duration="00:00:00.0035341" startTime="2012-04-15T18:11:14.0468750+03:00" endTime="2012-04-15T18:11:14.0527343+03:00" testType="13cdc9d9-ddb5-4fa4-a97d-d965ccfc6d4b" outcome="Passed" testListId="8c84fa94-04c1-424b-9868-57a2d4851a1d" relativeResultsDirectory="69887f64-af25-432e-bc8e-fd6a3b267d18">
    </UnitTestResult>
    <UnitTestResult executionId="64506238-a6d8-475a-9d34-bb102f3450b0" testId="e8064bab-6953-e2e4-47d3-52cddbfb38a9" testName="Buy_Book_Get_Ajax" computerName="USER-PC" duration="00:00:00.0095360" startTime="2012-04-15T18:11:14.0546875+03:00" endTime="2012-04-15T18:11:14.0654296+03:00" testType="13cdc9d9-ddb5-4fa4-a97d-d965ccfc6d4b" outcome="Passed" testListId="8c84fa94-04c1-424b-9868-57a2d4851a1d" relativeResultsDirectory="64506238-a6d8-475a-9d34-bb102f3450b0">
    </UnitTestResult>
    <UnitTestResult executionId="2270263c-9672-4e85-b1f9-70f669713f5d" testId="f7efcc7c-050b-e72e-cf9d-641c8a858b8d" testName="CantGetNotExistUserByName" computerName="USER-PC" duration="00:00:00.0037881" startTime="2012-04-15T18:11:14.0673828+03:00" endTime="2012-04-15T18:11:14.0732421+03:00" testType="13cdc9d9-ddb5-4fa4-a97d-d965ccfc6d4b" outcome="Passed" testListId="8c84fa94-04c1-424b-9868-57a2d4851a1d" relativeResultsDirectory="2270263c-9672-4e85-b1f9-70f669713f5d">
    </UnitTestResult>
    <UnitTestResult executionId="0be44081-5db1-4dd8-951f-24da037c813d" testId="fdec48cd-c8b8-02be-7dbb-dbf931cee64b" testName="CanGetUserByName" computerName="USER-PC" duration="00:00:00.0037591" startTime="2012-04-15T18:11:14.0751953+03:00" endTime="2012-04-15T18:11:14.0810546+03:00" testType="13cdc9d9-ddb5-4fa4-a97d-d965ccfc6d4b" outcome="Passed" testListId="8c84fa94-04c1-424b-9868-57a2d4851a1d" relativeResultsDirectory="0be44081-5db1-4dd8-951f-24da037c813d">
    </UnitTestResult>
  </Results>
</TestRun>