<?xml version="1.0" encoding="UTF-8"?>
<TestRun id="c8e6dcf1-c75a-468d-9170-3ea1f27f17b2" name="user@USER-PC 2012-04-15 17:59:27" runUser="user-PC\user" xmlns="http://microsoft.com/schemas/VisualStudio/TeamTest/2010">
  <TestSettings name="Local" id="cd4b7cfe-9bea-4788-86cd-336ecd64555a">
    <Description>These are default test settings for a local test run.</Description>
    <Deployment enabled="false" runDeploymentRoot="user_USER-PC 2012-04-15 17_59_27">
      <DeploymentItem filename="D:\PrgSource\BookShop\packages\Moq.4.0.10827\lib\NET40\Moq.dll" />
      <DeploymentItem filename="D:\PrgSource\BookShop\BookShopModel\bin\Debug\BookShopModel.dll" />
      <DeploymentItem filename="D:\PrgSource\BookShop\BookShopWeb\bin\BookShopWeb.dll" />
      <DeploymentItem filename="D:\PrgSource\BookShop\packages\EntityFramework.4.1.10331.0\lib\EntityFramework.dll" />
    </Deployment>
    <Execution>
      <TestTypeSpecific />
      <AgentRule name="Execution Agents">
      </AgentRule>
    </Execution>
  </TestSettings>
  <Times creation="2012-04-15T17:59:27.2949218+03:00" queuing="2012-04-15T17:59:27.4638671+03:00" start="2012-04-15T17:59:27.4726562+03:00" finish="2012-04-15T17:59:28.0546875+03:00" />
  <ResultSummary outcome="Completed">
    <Counters total="8" executed="8" passed="8" error="0" failed="0" timeout="0" aborted="0" inconclusive="0" passedButRunAborted="0" notRunnable="0" notExecuted="0" disconnected="0" warning="0" completed="0" inProgress="0" pending="0" />
  </ResultSummary>
  <TestDefinitions>
    <UnitTest name="CantAuthenticateWrongUser" storage="d:\prgsource\bookshop\bookshoptests\bin\debug\bookshoptests.dll" id="4ab8d7d9-bc75-8bfa-2444-6e5314dea175">
      <Execution id="24586fd4-14ef-49b3-824e-aef86e4e6c9b" />
      <TestMethod codeBase="D:/PrgSource/BookShop/BookShopTests/bin/Debug/BookShopTests.DLL" adapterTypeName="Microsoft.VisualStudio.TestTools.TestTypes.Unit.UnitTestAdapter, Microsoft.VisualStudio.QualityTools.Tips.UnitTest.Adapter, Version=10.0.0.0, Culture=neutral, PublicKeyToken=b03f5f7f11d50a3a" className="BookShopTest.ModelTests, BookShopTests, Version=1.0.0.0, Culture=neutral, PublicKeyToken=null" name="CantAuthenticateWrongUser" />
    </UnitTest>
    <UnitTest name="CanAuthenticateUserAfterCreation" storage="d:\prgsource\bookshop\bookshoptests\bin\debug\bookshoptests.dll" id="c6212e60-baca-f748-d759-d8bc26fd522a">
      <Execution id="17b47041-c967-431d-bc0f-8492952bac85" />
      <TestMethod codeBase="D:/PrgSource/BookShop/BookShopTests/bin/Debug/BookShopTests.DLL" adapterTypeName="Microsoft.VisualStudio.TestTools.TestTypes.Unit.UnitTestAdapter, Microsoft.VisualStudio.QualityTools.Tips.UnitTest.Adapter, Version=10.0.0.0, Culture=neutral, PublicKeyToken=b03f5f7f11d50a3a" className="BookShopTest.ModelTests, BookShopTests, Version=1.0.0.0, Culture=neutral, PublicKeyToken=null" name="CanAuthenticateUserAfterCreation" />
    </UnitTest>
    <UnitTest name="CanCreateUser" storage="d:\prgsource\bookshop\bookshoptests\bin\debug\bookshoptests.dll" id="a2d95e8f-1df3-aed0-7f85-2edca7bf90f2">
      <Execution id="ac63f700-2f56-4e79-a27a-052704d02396" />
      <TestMethod codeBase="D:/PrgSource/BookShop/BookShopTests/bin/Debug/BookShopTests.DLL" adapterTypeName="Microsoft.VisualStudio.TestTools.TestTypes.Unit.UnitTestAdapter, Microsoft.VisualStudio.QualityTools.Tips.UnitTest.Adapter, Version=10.0.0.0, Culture=neutral, PublicKeyToken=b03f5f7f11d50a3a" className="BookShopTest.ModelTests, BookShopTests, Version=1.0.0.0, Culture=neutral, PublicKeyToken=null" name="CanCreateUser" />
    </UnitTest>
    <UnitTest name="CantCreateUserWithDuplicateEmail" storage="d:\prgsource\bookshop\bookshoptests\bin\debug\bookshoptests.dll" id="c9f717ed-c618-2aa9-7017-c76a8e5062f0">
      <Execution id="2d972546-ab5d-4000-892d-8236c35f0d8b" />
      <TestMethod codeBase="D:/PrgSource/BookShop/BookShopTests/bin/Debug/BookShopTests.DLL" adapterTypeName="Microsoft.VisualStudio.TestTools.TestTypes.Unit.UnitTestAdapter, Microsoft.VisualStudio.QualityTools.Tips.UnitTest.Adapter, Version=10.0.0.0, Culture=neutral, PublicKeyToken=b03f5f7f11d50a3a" className="BookShopTest.ModelTests, BookShopTests, Version=1.0.0.0, Culture=neutral, PublicKeyToken=null" name="CantCreateUserWithDuplicateEmail" />
    </UnitTest>
    <UnitTest name="CantCreateDuplicateUser" storage="d:\prgsource\bookshop\bookshoptests\bin\debug\bookshoptests.dll" id="beb558c1-5293-58e2-7022-991f39de1527">
      <Execution id="d2877f19-76e2-438c-aeeb-0c4c2b3c3069" />
      <TestMethod codeBase="D:/PrgSource/BookShop/BookShopTests/bin/Debug/BookShopTests.DLL" adapterTypeName="Microsoft.VisualStudio.TestTools.TestTypes.Unit.UnitTestAdapter, Microsoft.VisualStudio.QualityTools.Tips.UnitTest.Adapter, Version=10.0.0.0, Culture=neutral, PublicKeyToken=b03f5f7f11d50a3a" className="BookShopTest.ModelTests, BookShopTests, Version=1.0.0.0, Culture=neutral, PublicKeyToken=null" name="CantCreateDuplicateUser" />
    </UnitTest>
    <UnitTest name="CantGetNotExistUserByName" storage="d:\prgsource\bookshop\bookshoptests\bin\debug\bookshoptests.dll" id="f7efcc7c-050b-e72e-cf9d-641c8a858b8d">
      <Execution id="9b63da13-e7dc-4986-b1d3-b823935f5fb2" />
      <TestMethod codeBase="D:/PrgSource/BookShop/BookShopTests/bin/Debug/BookShopTests.DLL" adapterTypeName="Microsoft.VisualStudio.TestTools.TestTypes.Unit.UnitTestAdapter, Microsoft.VisualStudio.QualityTools.Tips.UnitTest.Adapter, Version=10.0.0.0, Culture=neutral, PublicKeyToken=b03f5f7f11d50a3a" className="BookShopTest.ModelTests, BookShopTests, Version=1.0.0.0, Culture=neutral, PublicKeyToken=null" name="CantGetNotExistUserByName" />
    </UnitTest>
    <UnitTest name="Get_List_All_Books" storage="d:\prgsource\bookshop\bookshoptests\bin\debug\bookshoptests.dll" id="903e324b-8dcb-8f16-1024-8b204641844b">
      <Execution id="a5bb9fe9-bbfc-4ec6-bbeb-1ebe7b91cac5" />
      <TestMethod codeBase="D:/PrgSource/BookShop/BookShopTests/bin/Debug/BookShopTests.DLL" adapterTypeName="Microsoft.VisualStudio.TestTools.TestTypes.Unit.UnitTestAdapter, Microsoft.VisualStudio.QualityTools.Tips.UnitTest.Adapter, Version=10.0.0.0, Culture=neutral, PublicKeyToken=b03f5f7f11d50a3a" className="BookShopTest.ControllerTests, BookShopTests, Version=1.0.0.0, Culture=neutral, PublicKeyToken=null" name="Get_List_All_Books" />
    </UnitTest>
    <UnitTest name="CanGetUserByName" storage="d:\prgsource\bookshop\bookshoptests\bin\debug\bookshoptests.dll" id="fdec48cd-c8b8-02be-7dbb-dbf931cee64b">
      <Execution id="20a6ad24-670f-43f3-ab3f-4aa0875b2468" />
      <TestMethod codeBase="D:/PrgSource/BookShop/BookShopTests/bin/Debug/BookShopTests.DLL" adapterTypeName="Microsoft.VisualStudio.TestTools.TestTypes.Unit.UnitTestAdapter, Microsoft.VisualStudio.QualityTools.Tips.UnitTest.Adapter, Version=10.0.0.0, Culture=neutral, PublicKeyToken=b03f5f7f11d50a3a" className="BookShopTest.ModelTests, BookShopTests, Version=1.0.0.0, Culture=neutral, PublicKeyToken=null" name="CanGetUserByName" />
    </UnitTest>
  </TestDefinitions>
  <TestLists>
    <TestList name="Results Not in a List" id="8c84fa94-04c1-424b-9868-57a2d4851a1d" />
    <TestList name="All Loaded Results" id="19431567-8539-422a-85d7-44ee4e166bda" />
  </TestLists>
  <TestEntries>
    <TestEntry testId="4ab8d7d9-bc75-8bfa-2444-6e5314dea175" executionId="24586fd4-14ef-49b3-824e-aef86e4e6c9b" testListId="8c84fa94-04c1-424b-9868-57a2d4851a1d" />
    <TestEntry testId="903e324b-8dcb-8f16-1024-8b204641844b" executionId="a5bb9fe9-bbfc-4ec6-bbeb-1ebe7b91cac5" testListId="8c84fa94-04c1-424b-9868-57a2d4851a1d" />
    <TestEntry testId="a2d95e8f-1df3-aed0-7f85-2edca7bf90f2" executionId="ac63f700-2f56-4e79-a27a-052704d02396" testListId="8c84fa94-04c1-424b-9868-57a2d4851a1d" />
    <TestEntry testId="beb558c1-5293-58e2-7022-991f39de1527" executionId="d2877f19-76e2-438c-aeeb-0c4c2b3c3069" testListId="8c84fa94-04c1-424b-9868-57a2d4851a1d" />
    <TestEntry testId="c6212e60-baca-f748-d759-d8bc26fd522a" executionId="17b47041-c967-431d-bc0f-8492952bac85" testListId="8c84fa94-04c1-424b-9868-57a2d4851a1d" />
    <TestEntry testId="c9f717ed-c618-2aa9-7017-c76a8e5062f0" executionId="2d972546-ab5d-4000-892d-8236c35f0d8b" testListId="8c84fa94-04c1-424b-9868-57a2d4851a1d" />
    <TestEntry testId="f7efcc7c-050b-e72e-cf9d-641c8a858b8d" executionId="9b63da13-e7dc-4986-b1d3-b823935f5fb2" testListId="8c84fa94-04c1-424b-9868-57a2d4851a1d" />
    <TestEntry testId="fdec48cd-c8b8-02be-7dbb-dbf931cee64b" executionId="20a6ad24-670f-43f3-ab3f-4aa0875b2468" testListId="8c84fa94-04c1-424b-9868-57a2d4851a1d" />
  </TestEntries>
  <Results>
    <UnitTestResult executionId="24586fd4-14ef-49b3-824e-aef86e4e6c9b" testId="4ab8d7d9-bc75-8bfa-2444-6e5314dea175" testName="CantAuthenticateWrongUser" computerName="USER-PC" duration="00:00:00.0244748" startTime="2012-04-15T17:59:27.4746093+03:00" endTime="2012-04-15T17:59:27.6718750+03:00" testType="13cdc9d9-ddb5-4fa4-a97d-d965ccfc6d4b" outcome="Passed" testListId="8c84fa94-04c1-424b-9868-57a2d4851a1d" relativeResultsDirectory="24586fd4-14ef-49b3-824e-aef86e4e6c9b">
    </UnitTestResult>
    <UnitTestResult executionId="a5bb9fe9-bbfc-4ec6-bbeb-1ebe7b91cac5" testId="903e324b-8dcb-8f16-1024-8b204641844b" testName="Get_List_All_Books" computerName="USER-PC" duration="00:00:00.3264320" startTime="2012-04-15T17:59:27.6738281+03:00" endTime="2012-04-15T17:59:28.0029296+03:00" testType="13cdc9d9-ddb5-4fa4-a97d-d965ccfc6d4b" outcome="Passed" testListId="8c84fa94-04c1-424b-9868-57a2d4851a1d" relativeResultsDirectory="a5bb9fe9-bbfc-4ec6-bbeb-1ebe7b91cac5">
    </UnitTestResult>
    <UnitTestResult executionId="ac63f700-2f56-4e79-a27a-052704d02396" testId="a2d95e8f-1df3-aed0-7f85-2edca7bf90f2" testName="CanCreateUser" computerName="USER-PC" duration="00:00:00.0019169" startTime="2012-04-15T17:59:28.0039062+03:00" endTime="2012-04-15T17:59:28.0087890+03:00" testType="13cdc9d9-ddb5-4fa4-a97d-d965ccfc6d4b" outcome="Passed" testListId="8c84fa94-04c1-424b-9868-57a2d4851a1d" relativeResultsDirectory="ac63f700-2f56-4e79-a27a-052704d02396">
    </UnitTestResult>
    <UnitTestResult executionId="d2877f19-76e2-438c-aeeb-0c4c2b3c3069" testId="beb558c1-5293-58e2-7022-991f39de1527" testName="CantCreateDuplicateUser" computerName="USER-PC" duration="00:00:00.0023565" startTime="2012-04-15T17:59:28.0097656+03:00" endTime="2012-04-15T17:59:28.0146484+03:00" testType="13cdc9d9-ddb5-4fa4-a97d-d965ccfc6d4b" outcome="Passed" testListId="8c84fa94-04c1-424b-9868-57a2d4851a1d" relativeResultsDirectory="d2877f19-76e2-438c-aeeb-0c4c2b3c3069">
    </UnitTestResult>
    <UnitTestResult executionId="17b47041-c967-431d-bc0f-8492952bac85" testId="c6212e60-baca-f748-d759-d8bc26fd522a" testName="CanAuthenticateUserAfterCreation" computerName="USER-PC" duration="00:00:00.0025232" startTime="2012-04-15T17:59:28.0156250+03:00" endTime="2012-04-15T17:59:28.0205078+03:00" testType="13cdc9d9-ddb5-4fa4-a97d-d965ccfc6d4b" outcome="Passed" testListId="8c84fa94-04c1-424b-9868-57a2d4851a1d" relativeResultsDirectory="17b47041-c967-431d-bc0f-8492952bac85">
    </UnitTestResult>
    <UnitTestResult executionId="2d972546-ab5d-4000-892d-8236c35f0d8b" testId="c9f717ed-c618-2aa9-7017-c76a8e5062f0" testName="CantCreateUserWithDuplicateEmail" computerName="USER-PC" duration="00:00:00.0030665" startTime="2012-04-15T17:59:28.0224609+03:00" endTime="2012-04-15T17:59:28.0273437+03:00" testType="13cdc9d9-ddb5-4fa4-a97d-d965ccfc6d4b" outcome="Passed" testListId="8c84fa94-04c1-424b-9868-57a2d4851a1d" relativeResultsDirectory="2d972546-ab5d-4000-892d-8236c35f0d8b">
    </UnitTestResult>
    <UnitTestResult executionId="9b63da13-e7dc-4986-b1d3-b823935f5fb2" testId="f7efcc7c-050b-e72e-cf9d-641c8a858b8d" testName="CantGetNotExistUserByName" computerName="USER-PC" duration="00:00:00.0040191" startTime="2012-04-15T17:59:28.0292968+03:00" endTime="2012-04-15T17:59:28.0351562+03:00" testType="13cdc9d9-ddb5-4fa4-a97d-d965ccfc6d4b" outcome="Passed" testListId="8c84fa94-04c1-424b-9868-57a2d4851a1d" relativeResultsDirectory="9b63da13-e7dc-4986-b1d3-b823935f5fb2">
    </UnitTestResult>
    <UnitTestResult executionId="20a6ad24-670f-43f3-ab3f-4aa0875b2468" testId="fdec48cd-c8b8-02be-7dbb-dbf931cee64b" testName="CanGetUserByName" computerName="USER-PC" duration="00:00:00.0040372" startTime="2012-04-15T17:59:28.0371093+03:00" endTime="2012-04-15T17:59:28.0429687+03:00" testType="13cdc9d9-ddb5-4fa4-a97d-d965ccfc6d4b" outcome="Passed" testListId="8c84fa94-04c1-424b-9868-57a2d4851a1d" relativeResultsDirectory="20a6ad24-670f-43f3-ab3f-4aa0875b2468">
    </UnitTestResult>
  </Results>
</TestRun>